{"/home/travis/build/npmtest/node-npmtest-dav/test.js":{"path":"/home/travis/build/npmtest/node-npmtest-dav/test.js","s":{"1":2,"2":2,"3":2,"4":2,"5":2,"6":2,"7":2,"8":1,"9":2,"10":2,"11":1,"12":1,"13":1,"14":1,"15":2,"16":2,"17":2,"18":2,"19":1,"20":1,"21":2,"22":2,"23":2,"24":1,"25":1,"26":1,"27":1,"28":1,"29":1,"30":1,"31":1,"32":1,"33":1,"34":1,"35":1,"36":1,"37":2,"38":2,"39":1,"40":2,"41":2,"42":1,"43":2,"44":2,"45":1,"46":2,"47":2,"48":1,"49":1,"50":1,"51":1,"52":1},"b":{"1":[2,1,1,1],"2":[1,1,1,1],"3":[1,1],"4":[1,1],"5":[1,1],"6":[1,1],"7":[1,1],"8":[1,1],"9":[1,1,1],"10":[1,1],"11":[1,1],"12":[1,1],"13":[1,1],"14":[1,1],"15":[1,1],"16":[1,1]},"f":{"1":2,"2":2,"3":2,"4":2,"5":2,"6":1,"7":1,"8":2,"9":2,"10":2,"11":2,"12":1},"fnMap":{"1":{"name":"(anonymous_1)","line":12,"loc":{"start":{"line":12,"column":1},"end":{"line":12,"column":13}}},"2":{"name":"(anonymous_2)","line":19,"loc":{"start":{"line":19,"column":5},"end":{"line":19,"column":17}}},"3":{"name":"(anonymous_3)","line":23,"loc":{"start":{"line":23,"column":24},"end":{"line":23,"column":36}}},"4":{"name":"(anonymous_4)","line":61,"loc":{"start":{"line":61,"column":5},"end":{"line":61,"column":17}}},"5":{"name":"(anonymous_5)","line":82,"loc":{"start":{"line":82,"column":5},"end":{"line":82,"column":17}}},"6":{"name":"(anonymous_6)","line":102,"loc":{"start":{"line":102,"column":83},"end":{"line":105,"column":10}},"skip":true},"7":{"name":"(anonymous_7)","line":113,"loc":{"start":{"line":113,"column":77},"end":{"line":116,"column":10}},"skip":true},"8":{"name":"(anonymous_8)","line":129,"loc":{"start":{"line":129,"column":12},"end":{"line":129,"column":40}},"skip":true},"9":{"name":"(anonymous_9)","line":137,"loc":{"start":{"line":137,"column":77},"end":{"line":140,"column":10}},"skip":true},"10":{"name":"(anonymous_10)","line":148,"loc":{"start":{"line":148,"column":83},"end":{"line":151,"column":10}},"skip":true},"11":{"name":"(anonymous_11)","line":159,"loc":{"start":{"line":159,"column":79},"end":{"line":162,"column":10}},"skip":true},"12":{"name":"(anonymous_12)","line":170,"loc":{"start":{"line":170,"column":75},"end":{"line":173,"column":10}},"skip":true}},"statementMap":{"1":{"start":{"line":12,"column":0},"end":{"line":185,"column":5}},"2":{"start":{"line":14,"column":4},"end":{"line":14,"column":14}},"3":{"start":{"line":19,"column":4},"end":{"line":56,"column":9}},"4":{"start":{"line":21,"column":8},"end":{"line":21,"column":19}},"5":{"start":{"line":23,"column":8},"end":{"line":35,"column":13}},"6":{"start":{"line":24,"column":12},"end":{"line":34,"column":13}},"7":{"start":{"line":25,"column":16},"end":{"line":28,"column":30}},"8":{"start":{"line":30,"column":16},"end":{"line":33,"column":27}},"9":{"start":{"line":37,"column":8},"end":{"line":39,"column":21}},"10":{"start":{"line":40,"column":8},"end":{"line":53,"column":9}},"11":{"start":{"line":43,"column":12},"end":{"line":46,"column":14}},"12":{"start":{"line":47,"column":12},"end":{"line":47,"column":18}},"13":{"start":{"line":50,"column":12},"end":{"line":51,"column":46}},"14":{"start":{"line":52,"column":12},"end":{"line":52,"column":18}},"15":{"start":{"line":55,"column":8},"end":{"line":55,"column":35}},"16":{"start":{"line":61,"column":4},"end":{"line":63,"column":9}},"17":{"start":{"line":62,"column":8},"end":{"line":62,"column":15}},"18":{"start":{"line":64,"column":4},"end":{"line":77,"column":5}},"19":{"start":{"line":70,"column":8},"end":{"line":70,"column":14}},"20":{"start":{"line":76,"column":8},"end":{"line":76,"column":14}},"21":{"start":{"line":82,"column":4},"end":{"line":84,"column":9}},"22":{"start":{"line":83,"column":8},"end":{"line":83,"column":15}},"23":{"start":{"line":85,"column":4},"end":{"line":184,"column":5}},"24":{"start":{"line":92,"column":8},"end":{"line":94,"column":63}},"25":{"start":{"line":95,"column":8},"end":{"line":95,"column":14}},"26":{"start":{"line":102,"column":8},"end":{"line":111,"column":10},"skip":true},"27":{"start":{"line":109,"column":12},"end":{"line":109,"column":55},"skip":true},"28":{"start":{"line":110,"column":12},"end":{"line":110,"column":48},"skip":true},"29":{"start":{"line":113,"column":8},"end":{"line":126,"column":10},"skip":true},"30":{"start":{"line":120,"column":12},"end":{"line":120,"column":76},"skip":true},"31":{"start":{"line":121,"column":12},"end":{"line":121,"column":73},"skip":true},"32":{"start":{"line":122,"column":12},"end":{"line":122,"column":74},"skip":true},"33":{"start":{"line":123,"column":12},"end":{"line":123,"column":79},"skip":true},"34":{"start":{"line":124,"column":12},"end":{"line":124,"column":25},"skip":true},"35":{"start":{"line":125,"column":12},"end":{"line":125,"column":45},"skip":true},"36":{"start":{"line":128,"column":8},"end":{"line":135,"column":14},"skip":true},"37":{"start":{"line":133,"column":16},"end":{"line":133,"column":29},"skip":true},"38":{"start":{"line":134,"column":16},"end":{"line":134,"column":55},"skip":true},"39":{"start":{"line":137,"column":8},"end":{"line":146,"column":10},"skip":true},"40":{"start":{"line":144,"column":12},"end":{"line":144,"column":25},"skip":true},"41":{"start":{"line":145,"column":12},"end":{"line":145,"column":45},"skip":true},"42":{"start":{"line":148,"column":8},"end":{"line":157,"column":10},"skip":true},"43":{"start":{"line":155,"column":12},"end":{"line":155,"column":25},"skip":true},"44":{"start":{"line":156,"column":12},"end":{"line":156,"column":48},"skip":true},"45":{"start":{"line":159,"column":8},"end":{"line":168,"column":10},"skip":true},"46":{"start":{"line":166,"column":12},"end":{"line":166,"column":25},"skip":true},"47":{"start":{"line":167,"column":12},"end":{"line":167,"column":46},"skip":true},"48":{"start":{"line":170,"column":8},"end":{"line":179,"column":10},"skip":true},"49":{"start":{"line":177,"column":12},"end":{"line":177,"column":94},"skip":true},"50":{"start":{"line":178,"column":12},"end":{"line":178,"column":48},"skip":true},"51":{"start":{"line":182,"column":8},"end":{"line":182,"column":35},"skip":true},"52":{"start":{"line":183,"column":8},"end":{"line":183,"column":14},"skip":true}},"branchMap":{"1":{"line":25,"type":"binary-expr","locations":[{"start":{"line":25,"column":23},"end":{"line":25,"column":62}},{"start":{"line":26,"column":20},"end":{"line":26,"column":70}},{"start":{"line":27,"column":20},"end":{"line":27,"column":71}},{"start":{"line":28,"column":20},"end":{"line":28,"column":29}}]},"2":{"line":30,"type":"binary-expr","locations":[{"start":{"line":30,"column":23},"end":{"line":30,"column":37}},{"start":{"line":31,"column":20},"end":{"line":31,"column":61}},{"start":{"line":32,"column":20},"end":{"line":32,"column":70}},{"start":{"line":33,"column":20},"end":{"line":33,"column":26}}]},"3":{"line":37,"type":"cond-expr","locations":[{"start":{"line":38,"column":14},"end":{"line":38,"column":20}},{"start":{"line":39,"column":14},"end":{"line":39,"column":20}}]},"4":{"line":40,"type":"switch","locations":[{"start":{"line":42,"column":8},"end":{"line":47,"column":18}},{"start":{"line":49,"column":8},"end":{"line":52,"column":18}}]},"5":{"line":44,"type":"binary-expr","locations":[{"start":{"line":44,"column":16},"end":{"line":44,"column":44}},{"start":{"line":44,"column":48},"end":{"line":44,"column":66}}]},"6":{"line":50,"type":"binary-expr","locations":[{"start":{"line":50,"column":21},"end":{"line":50,"column":49}},{"start":{"line":50,"column":53},"end":{"line":50,"column":72}}]},"7":{"line":64,"type":"switch","locations":[{"start":{"line":69,"column":4},"end":{"line":70,"column":14}},{"start":{"line":75,"column":4},"end":{"line":76,"column":14}}]},"8":{"line":85,"type":"switch","locations":[{"start":{"line":90,"column":4},"end":{"line":95,"column":14}},{"start":{"line":101,"column":4},"end":{"line":183,"column":14},"skip":true}]},"9":{"line":92,"type":"binary-expr","locations":[{"start":{"line":92,"column":18},"end":{"line":92,"column":32}},{"start":{"line":93,"column":12},"end":{"line":93,"column":53}},{"start":{"line":94,"column":12},"end":{"line":94,"column":61}}]},"10":{"line":102,"type":"binary-expr","locations":[{"start":{"line":102,"column":45},"end":{"line":102,"column":79},"skip":true},{"start":{"line":102,"column":83},"end":{"line":111,"column":9},"skip":true}]},"11":{"line":113,"type":"binary-expr","locations":[{"start":{"line":113,"column":42},"end":{"line":113,"column":73},"skip":true},{"start":{"line":113,"column":77},"end":{"line":126,"column":9},"skip":true}]},"12":{"line":128,"type":"binary-expr","locations":[{"start":{"line":128,"column":48},"end":{"line":128,"column":85},"skip":true},{"start":{"line":129,"column":12},"end":{"line":135,"column":13},"skip":true}]},"13":{"line":137,"type":"binary-expr","locations":[{"start":{"line":137,"column":42},"end":{"line":137,"column":73},"skip":true},{"start":{"line":137,"column":77},"end":{"line":146,"column":9},"skip":true}]},"14":{"line":148,"type":"binary-expr","locations":[{"start":{"line":148,"column":45},"end":{"line":148,"column":79},"skip":true},{"start":{"line":148,"column":83},"end":{"line":157,"column":9},"skip":true}]},"15":{"line":159,"type":"binary-expr","locations":[{"start":{"line":159,"column":43},"end":{"line":159,"column":75},"skip":true},{"start":{"line":159,"column":79},"end":{"line":168,"column":9},"skip":true}]},"16":{"line":170,"type":"binary-expr","locations":[{"start":{"line":170,"column":41},"end":{"line":170,"column":71},"skip":true},{"start":{"line":170,"column":75},"end":{"line":179,"column":9},"skip":true}]}},"code":["/* istanbul instrument in package npmtest_dav */","/*jslint","    bitwise: true,","    browser: true,","    maxerr: 8,","    maxlen: 96,","    node: true,","    nomen: true,","    regexp: true,","    stupid: true","*/","(function () {","    'use strict';","    var local;","","","","    // run shared js-env code - pre-init","    (function () {","        // init local","        local = {};","        // init modeJs","        local.modeJs = (function () {","            try {","                return typeof navigator.userAgent === 'string' &&","                    typeof document.querySelector('body') === 'object' &&","                    typeof XMLHttpRequest.prototype.open === 'function' &&","                    'browser';","            } catch (errorCaughtBrowser) {","                return module.exports &&","                    typeof process.versions.node === 'string' &&","                    typeof require('http').createServer === 'function' &&","                    'node';","            }","        }());","        // init global","        local.global = local.modeJs === 'browser'","            ? window","            : global;","        switch (local.modeJs) {","        // re-init local from window.local","        case 'browser':","            local = local.global.utility2.objectSetDefault(","                local.global.utility2_rollup || local.global.local,","                local.global.utility2","            );","            break;","        // re-init local from example.js","        case 'node':","            local = (local.global.utility2_rollup || require('utility2'))","                .requireExampleJsFromReadme();","            break;","        }","        // export local","        local.global.local = local;","    }());","","","","    // run shared js-env code - function","    (function () {","        return;","    }());","    switch (local.modeJs) {","","","","    // run browser js-env code - function","    case 'browser':","        break;","","","","    // run node js-env code - function","    case 'node':","        break;","    }","","","","    // run shared js-env code - post-init","    (function () {","        return;","    }());","    switch (local.modeJs) {","","","","    // run browser js-env code - post-init","    case 'browser':","        // run tests","        local.nop(local.modeTest &&","            document.querySelector('#testRunButton1') &&","            document.querySelector('#testRunButton1').click());","        break;","","","","    // run node js-env code - post-init","    /* istanbul ignore next */","    case 'node':","        local.testCase_buildApidoc_default = local.testCase_buildApidoc_default || function (","            options,","            onError","        ) {","        /*","         * this function will test buildApidoc's default handling-behavior-behavior","         */","            options = { modulePathList: module.paths };","            local.buildApidoc(options, onError);","        };","","        local.testCase_buildApp_default = local.testCase_buildApp_default || function (","            options,","            onError","        ) {","        /*","         * this function will test buildApp's default handling-behavior-behavior","         */","            local.testCase_buildReadme_default(options, local.onErrorThrow);","            local.testCase_buildLib_default(options, local.onErrorThrow);","            local.testCase_buildTest_default(options, local.onErrorThrow);","            local.testCase_buildCustomOrg_default(options, local.onErrorThrow);","            options = [];","            local.buildApp(options, onError);","        };","","        local.testCase_buildCustomOrg_default = local.testCase_buildCustomOrg_default ||","            function (options, onError) {","            /*","             * this function will test buildCustomOrg's default handling-behavior","             */","                options = {};","                local.buildCustomOrg(options, onError);","            };","","        local.testCase_buildLib_default = local.testCase_buildLib_default || function (","            options,","            onError","        ) {","        /*","         * this function will test buildLib's default handling-behavior","         */","            options = {};","            local.buildLib(options, onError);","        };","","        local.testCase_buildReadme_default = local.testCase_buildReadme_default || function (","            options,","            onError","        ) {","        /*","         * this function will test buildReadme's default handling-behavior-behavior","         */","            options = {};","            local.buildReadme(options, onError);","        };","","        local.testCase_buildTest_default = local.testCase_buildTest_default || function (","            options,","            onError","        ) {","        /*","         * this function will test buildTest's default handling-behavior","         */","            options = {};","            local.buildTest(options, onError);","        };","","        local.testCase_webpage_default = local.testCase_webpage_default || function (","            options,","            onError","        ) {","        /*","         * this function will test webpage's default handling-behavior","         */","            options = { modeCoverageMerge: true, url: local.serverLocalHost + '?modeTest=1' };","            local.browserTest(options, onError);","        };","","        // run test-server","        local.testRunServer(local);","        break;","    }","}());",""],"l":{"12":2,"14":2,"19":2,"21":2,"23":2,"24":2,"25":2,"30":1,"37":2,"40":2,"43":1,"47":1,"50":1,"52":1,"55":2,"61":2,"62":2,"64":2,"70":1,"76":1,"82":2,"83":2,"85":2,"92":1,"95":1,"102":1,"109":1,"110":1,"113":1,"120":1,"121":1,"122":1,"123":1,"124":1,"125":1,"128":1,"133":2,"134":2,"137":1,"144":2,"145":2,"148":1,"155":2,"156":2,"159":1,"166":2,"167":2,"170":1,"177":1,"178":1,"182":1,"183":1}},"/home/travis/build/npmtest/node-npmtest-dav/lib.npmtest_dav.js":{"path":"/home/travis/build/npmtest/node-npmtest-dav/lib.npmtest_dav.js","s":{"1":2,"2":2,"3":2,"4":2,"5":2,"6":2,"7":2,"8":1,"9":2,"10":2,"11":2,"12":2,"13":1,"14":1,"15":1,"16":1},"b":{"1":[2,1,1,1],"2":[1,1,1,1],"3":[1,1],"4":[2,2],"5":[1,1]},"f":{"1":2,"2":2,"3":2},"fnMap":{"1":{"name":"(anonymous_1)","line":12,"loc":{"start":{"line":12,"column":1},"end":{"line":12,"column":13}}},"2":{"name":"(anonymous_2)","line":19,"loc":{"start":{"line":19,"column":5},"end":{"line":19,"column":17}}},"3":{"name":"(anonymous_3)","line":23,"loc":{"start":{"line":23,"column":24},"end":{"line":23,"column":36}}}},"statementMap":{"1":{"start":{"line":12,"column":0},"end":{"line":53,"column":5}},"2":{"start":{"line":14,"column":4},"end":{"line":14,"column":14}},"3":{"start":{"line":19,"column":4},"end":{"line":52,"column":9}},"4":{"start":{"line":21,"column":8},"end":{"line":21,"column":19}},"5":{"start":{"line":23,"column":8},"end":{"line":35,"column":13}},"6":{"start":{"line":24,"column":12},"end":{"line":34,"column":13}},"7":{"start":{"line":25,"column":16},"end":{"line":28,"column":30}},"8":{"start":{"line":30,"column":16},"end":{"line":33,"column":27}},"9":{"start":{"line":37,"column":8},"end":{"line":39,"column":21}},"10":{"start":{"line":41,"column":8},"end":{"line":41,"column":54}},"11":{"start":{"line":43,"column":8},"end":{"line":43,"column":48}},"12":{"start":{"line":45,"column":8},"end":{"line":51,"column":9}},"13":{"start":{"line":46,"column":12},"end":{"line":46,"column":54}},"14":{"start":{"line":48,"column":12},"end":{"line":48,"column":35}},"15":{"start":{"line":49,"column":12},"end":{"line":49,"column":49}},"16":{"start":{"line":50,"column":12},"end":{"line":50,"column":43}}},"branchMap":{"1":{"line":25,"type":"binary-expr","locations":[{"start":{"line":25,"column":23},"end":{"line":25,"column":62}},{"start":{"line":26,"column":20},"end":{"line":26,"column":70}},{"start":{"line":27,"column":20},"end":{"line":27,"column":71}},{"start":{"line":28,"column":20},"end":{"line":28,"column":29}}]},"2":{"line":30,"type":"binary-expr","locations":[{"start":{"line":30,"column":23},"end":{"line":30,"column":37}},{"start":{"line":31,"column":20},"end":{"line":31,"column":61}},{"start":{"line":32,"column":20},"end":{"line":32,"column":70}},{"start":{"line":33,"column":20},"end":{"line":33,"column":26}}]},"3":{"line":37,"type":"cond-expr","locations":[{"start":{"line":38,"column":14},"end":{"line":38,"column":20}},{"start":{"line":39,"column":14},"end":{"line":39,"column":20}}]},"4":{"line":41,"type":"binary-expr","locations":[{"start":{"line":41,"column":16},"end":{"line":41,"column":44}},{"start":{"line":41,"column":48},"end":{"line":41,"column":53}}]},"5":{"line":45,"type":"if","locations":[{"start":{"line":45,"column":8},"end":{"line":45,"column":8}},{"start":{"line":45,"column":8},"end":{"line":45,"column":8}}]}},"code":["/* istanbul instrument in package npmtest_dav */","/*jslint","    bitwise: true,","    browser: true,","    maxerr: 8,","    maxlen: 96,","    node: true,","    nomen: true,","    regexp: true,","    stupid: true","*/","(function () {","    'use strict';","    var local;","","","","    // run shared js-env code - pre-init","    (function () {","        // init local","        local = {};","        // init modeJs","        local.modeJs = (function () {","            try {","                return typeof navigator.userAgent === 'string' &&","                    typeof document.querySelector('body') === 'object' &&","                    typeof XMLHttpRequest.prototype.open === 'function' &&","                    'browser';","            } catch (errorCaughtBrowser) {","                return module.exports &&","                    typeof process.versions.node === 'string' &&","                    typeof require('http').createServer === 'function' &&","                    'node';","            }","        }());","        // init global","        local.global = local.modeJs === 'browser'","            ? window","            : global;","        // init utility2_rollup","        local = local.global.utility2_rollup || local;","        // init lib","        local.local = local.npmtest_dav = local;","        // init exports","        if (local.modeJs === 'browser') {","            local.global.utility2_npmtest_dav = local;","        } else {","            module.exports = local;","            module.exports.__dirname = __dirname;","            module.exports.module = module;","        }","    }());","}());",""],"l":{"12":2,"14":2,"19":2,"21":2,"23":2,"24":2,"25":2,"30":1,"37":2,"41":2,"43":2,"45":2,"46":1,"48":1,"49":1,"50":1}},"/home/travis/build/npmtest/node-npmtest-dav/example.js":{"path":"/home/travis/build/npmtest/node-npmtest-dav/example.js","s":{"1":2,"2":2,"3":2,"4":2,"5":2,"6":2,"7":2,"8":1,"9":2,"10":2,"11":2,"12":2,"13":1,"14":2,"15":2,"16":2,"17":2,"18":2,"19":0,"20":2,"21":1,"22":1,"23":1,"24":1,"25":1,"26":0,"27":0,"28":1,"29":1,"30":2,"31":0,"32":0,"33":0,"34":1,"35":2,"36":2,"37":2,"38":2,"39":2,"40":2,"41":0,"42":2,"43":2,"44":2,"45":1,"46":3,"47":1,"48":1,"49":1,"50":1,"51":1,"52":1,"53":1,"54":1,"55":1,"56":1,"57":0,"58":1,"59":6,"60":6,"61":1,"62":2,"63":0,"64":2,"65":1,"66":1,"67":0,"68":0,"69":0,"70":0,"71":0,"72":0,"73":0,"74":0,"75":0,"76":0,"77":0,"78":0,"79":0,"80":0,"81":0,"82":0,"83":0},"b":{"1":[2,1,1,1],"2":[1,1,1,1],"3":[1,1],"4":[2,2],"5":[1,1],"6":[1,1],"7":[2,0],"8":[2,1,1,1,1,1],"9":[0,2,0],"10":[1,1],"11":[2,1,1],"12":[1,0],"13":[0,2],"14":[2,0,0,0,0,0,0],"15":[0,2],"16":[2,0],"17":[1,1],"18":[0,1],"19":[1,2,0,2],"20":[1,0],"21":[1,1],"22":[0,0],"23":[0,0],"24":[0,0],"25":[0,0],"26":[0,0],"27":[0,0],"28":[0,0]},"f":{"1":2,"2":2,"3":2,"4":2,"5":2,"6":2,"7":2,"8":2,"9":3,"10":1,"11":6,"12":0},"fnMap":{"1":{"name":"(anonymous_1)","line":26,"loc":{"start":{"line":26,"column":1},"end":{"line":26,"column":13}}},"2":{"name":"(anonymous_2)","line":33,"loc":{"start":{"line":33,"column":5},"end":{"line":33,"column":17}}},"3":{"name":"(anonymous_3)","line":37,"loc":{"start":{"line":37,"column":24},"end":{"line":37,"column":36}}},"4":{"name":"(anonymous_4)","line":69,"loc":{"start":{"line":69,"column":31},"end":{"line":69,"column":48}},"skip":true},"5":{"name":"(anonymous_5)","line":78,"loc":{"start":{"line":78,"column":26},"end":{"line":78,"column":45}},"skip":true},"6":{"name":"(anonymous_6)","line":123,"loc":{"start":{"line":123,"column":33},"end":{"line":123,"column":48}},"skip":true},"7":{"name":"(anonymous_7)","line":125,"loc":{"start":{"line":125,"column":27},"end":{"line":125,"column":39}},"skip":true},"8":{"name":"(anonymous_8)","line":133,"loc":{"start":{"line":133,"column":59},"end":{"line":133,"column":74}},"skip":true},"9":{"name":"(anonymous_9)","line":143,"loc":{"start":{"line":143,"column":45},"end":{"line":143,"column":62}},"skip":true},"10":{"name":"(anonymous_10)","line":144,"loc":{"start":{"line":144,"column":73},"end":{"line":144,"column":92}},"skip":true},"11":{"name":"(anonymous_11)","line":272,"loc":{"start":{"line":272,"column":51},"end":{"line":272,"column":77}},"skip":true},"12":{"name":"(anonymous_12)","line":314,"loc":{"start":{"line":314,"column":32},"end":{"line":314,"column":61}},"skip":true}},"statementMap":{"1":{"start":{"line":26,"column":0},"end":{"line":325,"column":5}},"2":{"start":{"line":28,"column":4},"end":{"line":28,"column":14}},"3":{"start":{"line":33,"column":4},"end":{"line":60,"column":9}},"4":{"start":{"line":35,"column":8},"end":{"line":35,"column":19}},"5":{"start":{"line":37,"column":8},"end":{"line":49,"column":13}},"6":{"start":{"line":38,"column":12},"end":{"line":48,"column":13}},"7":{"start":{"line":39,"column":16},"end":{"line":42,"column":30}},"8":{"start":{"line":44,"column":16},"end":{"line":47,"column":27}},"9":{"start":{"line":51,"column":8},"end":{"line":53,"column":21}},"10":{"start":{"line":55,"column":8},"end":{"line":57,"column":45}},"11":{"start":{"line":59,"column":8},"end":{"line":59,"column":35}},"12":{"start":{"line":61,"column":4},"end":{"line":324,"column":5}},"13":{"start":{"line":69,"column":8},"end":{"line":121,"column":10},"skip":true},"14":{"start":{"line":70,"column":12},"end":{"line":88,"column":13},"skip":true},"15":{"start":{"line":76,"column":16},"end":{"line":87,"column":19},"skip":true},"16":{"start":{"line":79,"column":20},"end":{"line":86,"column":21},"skip":true},"17":{"start":{"line":82,"column":24},"end":{"line":82,"column":43},"skip":true},"18":{"start":{"line":83,"column":24},"end":{"line":83,"column":30},"skip":true},"19":{"start":{"line":85,"column":24},"end":{"line":85,"column":49},"skip":true},"20":{"start":{"line":89,"column":12},"end":{"line":107,"column":13},"skip":true},"21":{"start":{"line":92,"column":16},"end":{"line":102,"column":17},"skip":true},"22":{"start":{"line":93,"column":20},"end":{"line":93,"column":86},"skip":true},"23":{"start":{"line":94,"column":20},"end":{"line":95,"column":45},"skip":true},"24":{"start":{"line":96,"column":20},"end":{"line":96,"column":42},"skip":true},"25":{"start":{"line":97,"column":20},"end":{"line":97,"column":48},"skip":true},"26":{"start":{"line":100,"column":20},"end":{"line":100,"column":85},"skip":true},"27":{"start":{"line":101,"column":20},"end":{"line":101,"column":96},"skip":true},"28":{"start":{"line":103,"column":16},"end":{"line":103,"column":22},"skip":true},"29":{"start":{"line":106,"column":16},"end":{"line":106,"column":22},"skip":true},"30":{"start":{"line":108,"column":12},"end":{"line":120,"column":13},"skip":true},"31":{"start":{"line":114,"column":16},"end":{"line":119,"column":17},"skip":true},"32":{"start":{"line":116,"column":20},"end":{"line":116,"column":78},"skip":true},"33":{"start":{"line":118,"column":20},"end":{"line":118,"column":47},"skip":true},"34":{"start":{"line":123,"column":8},"end":{"line":141,"column":11},"skip":true},"35":{"start":{"line":124,"column":12},"end":{"line":124,"column":54},"skip":true},"36":{"start":{"line":125,"column":12},"end":{"line":140,"column":14},"skip":true},"37":{"start":{"line":126,"column":16},"end":{"line":126,"column":28},"skip":true},"38":{"start":{"line":127,"column":16},"end":{"line":127,"column":69},"skip":true},"39":{"start":{"line":128,"column":16},"end":{"line":128,"column":75},"skip":true},"40":{"start":{"line":129,"column":16},"end":{"line":131,"column":17},"skip":true},"41":{"start":{"line":130,"column":20},"end":{"line":130,"column":27},"skip":true},"42":{"start":{"line":133,"column":16},"end":{"line":137,"column":36},"skip":true},"43":{"start":{"line":134,"column":20},"end":{"line":136,"column":55},"skip":true},"44":{"start":{"line":139,"column":16},"end":{"line":139,"column":57},"skip":true},"45":{"start":{"line":143,"column":8},"end":{"line":147,"column":11},"skip":true},"46":{"start":{"line":144,"column":12},"end":{"line":146,"column":15},"skip":true},"47":{"start":{"line":145,"column":16},"end":{"line":145,"column":70},"skip":true},"48":{"start":{"line":149,"column":8},"end":{"line":149,"column":31},"skip":true},"49":{"start":{"line":150,"column":8},"end":{"line":150,"column":14},"skip":true},"50":{"start":{"line":158,"column":8},"end":{"line":158,"column":31},"skip":true},"51":{"start":{"line":160,"column":8},"end":{"line":160,"column":33},"skip":true},"52":{"start":{"line":161,"column":8},"end":{"line":161,"column":37},"skip":true},"53":{"start":{"line":162,"column":8},"end":{"line":162,"column":35},"skip":true},"54":{"start":{"line":164,"column":8},"end":{"line":164,"column":50},"skip":true},"55":{"start":{"line":166,"column":8},"end":{"line":256,"column":2},"skip":true},"56":{"start":{"line":258,"column":8},"end":{"line":286,"column":9},"skip":true},"57":{"start":{"line":259,"column":12},"end":{"line":269,"column":14},"skip":true},"58":{"start":{"line":271,"column":12},"end":{"line":285,"column":19},"skip":true},"59":{"start":{"line":274,"column":20},"end":{"line":274,"column":35},"skip":true},"60":{"start":{"line":275,"column":20},"end":{"line":284,"column":21},"skip":true},"61":{"start":{"line":277,"column":24},"end":{"line":277,"column":64},"skip":true},"62":{"start":{"line":279,"column":24},"end":{"line":279,"column":40},"skip":true},"63":{"start":{"line":281,"column":24},"end":{"line":281,"column":40},"skip":true},"64":{"start":{"line":283,"column":24},"end":{"line":283,"column":39},"skip":true},"65":{"start":{"line":288,"column":8},"end":{"line":290,"column":9},"skip":true},"66":{"start":{"line":289,"column":12},"end":{"line":289,"column":18},"skip":true},"67":{"start":{"line":291,"column":8},"end":{"line":293,"column":54},"skip":true},"68":{"start":{"line":294,"column":8},"end":{"line":301,"column":37},"skip":true},"69":{"start":{"line":302,"column":8},"end":{"line":302,"column":82},"skip":true},"70":{"start":{"line":305,"column":8},"end":{"line":307,"column":9},"skip":true},"71":{"start":{"line":306,"column":12},"end":{"line":306,"column":82},"skip":true},"72":{"start":{"line":309,"column":8},"end":{"line":311,"column":9},"skip":true},"73":{"start":{"line":310,"column":12},"end":{"line":310,"column":18},"skip":true},"74":{"start":{"line":312,"column":8},"end":{"line":312,"column":54},"skip":true},"75":{"start":{"line":313,"column":8},"end":{"line":313,"column":69},"skip":true},"76":{"start":{"line":314,"column":8},"end":{"line":322,"column":36},"skip":true},"77":{"start":{"line":315,"column":12},"end":{"line":315,"column":61},"skip":true},"78":{"start":{"line":316,"column":12},"end":{"line":319,"column":13},"skip":true},"79":{"start":{"line":317,"column":16},"end":{"line":317,"column":75},"skip":true},"80":{"start":{"line":318,"column":16},"end":{"line":318,"column":23},"skip":true},"81":{"start":{"line":320,"column":12},"end":{"line":320,"column":38},"skip":true},"82":{"start":{"line":321,"column":12},"end":{"line":321,"column":27},"skip":true},"83":{"start":{"line":323,"column":8},"end":{"line":323,"column":14},"skip":true}},"branchMap":{"1":{"line":39,"type":"binary-expr","locations":[{"start":{"line":39,"column":23},"end":{"line":39,"column":62}},{"start":{"line":40,"column":20},"end":{"line":40,"column":70}},{"start":{"line":41,"column":20},"end":{"line":41,"column":71}},{"start":{"line":42,"column":20},"end":{"line":42,"column":29}}]},"2":{"line":44,"type":"binary-expr","locations":[{"start":{"line":44,"column":23},"end":{"line":44,"column":37}},{"start":{"line":45,"column":20},"end":{"line":45,"column":61}},{"start":{"line":46,"column":20},"end":{"line":46,"column":70}},{"start":{"line":47,"column":20},"end":{"line":47,"column":26}}]},"3":{"line":51,"type":"cond-expr","locations":[{"start":{"line":52,"column":14},"end":{"line":52,"column":20}},{"start":{"line":53,"column":14},"end":{"line":53,"column":20}}]},"4":{"line":55,"type":"binary-expr","locations":[{"start":{"line":55,"column":16},"end":{"line":55,"column":44}},{"start":{"line":55,"column":49},"end":{"line":57,"column":43}}]},"5":{"line":55,"type":"cond-expr","locations":[{"start":{"line":56,"column":14},"end":{"line":56,"column":47}},{"start":{"line":57,"column":14},"end":{"line":57,"column":43}}]},"6":{"line":61,"type":"switch","locations":[{"start":{"line":68,"column":4},"end":{"line":150,"column":14},"skip":true},{"start":{"line":156,"column":4},"end":{"line":323,"column":14},"skip":true}]},"7":{"line":70,"type":"if","locations":[{"start":{"line":70,"column":12},"end":{"line":70,"column":12},"skip":true},{"start":{"line":70,"column":12},"end":{"line":70,"column":12},"skip":true}]},"8":{"line":70,"type":"binary-expr","locations":[{"start":{"line":70,"column":16},"end":{"line":70,"column":22},"skip":true},{"start":{"line":70,"column":27},"end":{"line":70,"column":32},"skip":true},{"start":{"line":71,"column":20},"end":{"line":71,"column":39},"skip":true},{"start":{"line":72,"column":20},"end":{"line":72,"column":49},"skip":true},{"start":{"line":73,"column":20},"end":{"line":73,"column":58},"skip":true},{"start":{"line":74,"column":20},"end":{"line":74,"column":69},"skip":true}]},"9":{"line":79,"type":"switch","locations":[{"start":{"line":80,"column":20},"end":{"line":80,"column":33},"skip":true},{"start":{"line":81,"column":20},"end":{"line":83,"column":30},"skip":true},{"start":{"line":84,"column":20},"end":{"line":85,"column":49},"skip":true}]},"10":{"line":89,"type":"switch","locations":[{"start":{"line":90,"column":12},"end":{"line":103,"column":22},"skip":true},{"start":{"line":105,"column":12},"end":{"line":106,"column":22},"skip":true}]},"11":{"line":89,"type":"binary-expr","locations":[{"start":{"line":89,"column":20},"end":{"line":89,"column":25},"skip":true},{"start":{"line":89,"column":29},"end":{"line":89,"column":48},"skip":true},{"start":{"line":89,"column":52},"end":{"line":89,"column":74},"skip":true}]},"12":{"line":92,"type":"if","locations":[{"start":{"line":92,"column":16},"end":{"line":92,"column":16},"skip":true},{"start":{"line":92,"column":16},"end":{"line":92,"column":16},"skip":true}]},"13":{"line":108,"type":"if","locations":[{"start":{"line":108,"column":12},"end":{"line":108,"column":12},"skip":true},{"start":{"line":108,"column":12},"end":{"line":108,"column":12},"skip":true}]},"14":{"line":108,"type":"binary-expr","locations":[{"start":{"line":108,"column":16},"end":{"line":108,"column":61},"skip":true},{"start":{"line":108,"column":66},"end":{"line":108,"column":72},"skip":true},{"start":{"line":108,"column":77},"end":{"line":108,"column":82},"skip":true},{"start":{"line":109,"column":20},"end":{"line":109,"column":39},"skip":true},{"start":{"line":110,"column":20},"end":{"line":110,"column":49},"skip":true},{"start":{"line":111,"column":20},"end":{"line":111,"column":58},"skip":true},{"start":{"line":112,"column":20},"end":{"line":112,"column":68},"skip":true}]},"15":{"line":129,"type":"if","locations":[{"start":{"line":129,"column":16},"end":{"line":129,"column":16},"skip":true},{"start":{"line":129,"column":16},"end":{"line":129,"column":16},"skip":true}]},"16":{"line":134,"type":"cond-expr","locations":[{"start":{"line":135,"column":26},"end":{"line":135,"column":29},"skip":true},{"start":{"line":136,"column":26},"end":{"line":136,"column":54},"skip":true}]},"17":{"line":164,"type":"binary-expr","locations":[{"start":{"line":164,"column":27},"end":{"line":164,"column":43},"skip":true},{"start":{"line":164,"column":47},"end":{"line":164,"column":49},"skip":true}]},"18":{"line":258,"type":"if","locations":[{"start":{"line":258,"column":8},"end":{"line":258,"column":8},"skip":true},{"start":{"line":258,"column":8},"end":{"line":258,"column":8},"skip":true}]},"19":{"line":275,"type":"switch","locations":[{"start":{"line":276,"column":20},"end":{"line":277,"column":64},"skip":true},{"start":{"line":278,"column":20},"end":{"line":279,"column":40},"skip":true},{"start":{"line":280,"column":20},"end":{"line":281,"column":40},"skip":true},{"start":{"line":282,"column":20},"end":{"line":283,"column":39},"skip":true}]},"20":{"line":288,"type":"if","locations":[{"start":{"line":288,"column":8},"end":{"line":288,"column":8},"skip":true},{"start":{"line":288,"column":8},"end":{"line":288,"column":8},"skip":true}]},"21":{"line":288,"type":"binary-expr","locations":[{"start":{"line":288,"column":12},"end":{"line":288,"column":40},"skip":true},{"start":{"line":288,"column":44},"end":{"line":288,"column":67},"skip":true}]},"22":{"line":292,"type":"binary-expr","locations":[{"start":{"line":292,"column":12},"end":{"line":292,"column":50},"skip":true},{"start":{"line":293,"column":12},"end":{"line":293,"column":53},"skip":true}]},"23":{"line":295,"type":"binary-expr","locations":[{"start":{"line":295,"column":12},"end":{"line":295,"column":61},"skip":true},{"start":{"line":296,"column":12},"end":{"line":301,"column":36},"skip":true}]},"24":{"line":302,"type":"binary-expr","locations":[{"start":{"line":302,"column":43},"end":{"line":302,"column":75},"skip":true},{"start":{"line":302,"column":79},"end":{"line":302,"column":81},"skip":true}]},"25":{"line":305,"type":"if","locations":[{"start":{"line":305,"column":8},"end":{"line":305,"column":8},"skip":true},{"start":{"line":305,"column":8},"end":{"line":305,"column":8},"skip":true}]},"26":{"line":309,"type":"if","locations":[{"start":{"line":309,"column":8},"end":{"line":309,"column":8},"skip":true},{"start":{"line":309,"column":8},"end":{"line":309,"column":8},"skip":true}]},"27":{"line":312,"type":"binary-expr","locations":[{"start":{"line":312,"column":27},"end":{"line":312,"column":43},"skip":true},{"start":{"line":312,"column":47},"end":{"line":312,"column":53},"skip":true}]},"28":{"line":316,"type":"if","locations":[{"start":{"line":316,"column":12},"end":{"line":316,"column":12},"skip":true},{"start":{"line":316,"column":12},"end":{"line":316,"column":12},"skip":true}]}},"code":["/*","example.js","","quickstart example","","instruction","    1. save this script as example.js","    2. run the shell command:","        $ npm install npmtest-dav && PORT=8081 node example.js","    3. play with the browser-demo on http://127.0.0.1:8081","*/","","","","/* istanbul instrument in package npmtest_dav */","/*jslint","    bitwise: true,","    browser: true,","    maxerr: 8,","    maxlen: 96,","    node: true,","    nomen: true,","    regexp: true,","    stupid: true","*/","(function () {","    'use strict';","    var local;","","","","    // run shared js-env code - pre-init","    (function () {","        // init local","        local = {};","        // init modeJs","        local.modeJs = (function () {","            try {","                return typeof navigator.userAgent === 'string' &&","                    typeof document.querySelector('body') === 'object' &&","                    typeof XMLHttpRequest.prototype.open === 'function' &&","                    'browser';","            } catch (errorCaughtBrowser) {","                return module.exports &&","                    typeof process.versions.node === 'string' &&","                    typeof require('http').createServer === 'function' &&","                    'node';","            }","        }());","        // init global","        local.global = local.modeJs === 'browser'","            ? window","            : global;","        // init utility2_rollup","        local = local.global.utility2_rollup || (local.modeJs === 'browser'","            ? local.global.utility2_npmtest_dav","            : global.utility2_moduleExports);","        // export local","        local.global.local = local;","    }());","    switch (local.modeJs) {","","","","    // post-init","    // run browser js-env code - post-init","    /* istanbul ignore next */","    case 'browser':","        local.testRunBrowser = function (event) {","            if (!event || (event &&","                    event.currentTarget &&","                    event.currentTarget.className &&","                    event.currentTarget.className.includes &&","                    event.currentTarget.className.includes('onreset'))) {","                // reset output","                Array.from(","                    document.querySelectorAll('body > .resettable')","                ).forEach(function (element) {","                    switch (element.tagName) {","                    case 'INPUT':","                    case 'TEXTAREA':","                        element.value = '';","                        break;","                    default:","                        element.textContent = '';","                    }","                });","            }","            switch (event && event.currentTarget && event.currentTarget.id) {","            case 'testRunButton1':","                // show tests","                if (document.querySelector('#testReportDiv1').style.display === 'none') {","                    document.querySelector('#testReportDiv1').style.display = 'block';","                    document.querySelector('#testRunButton1').textContent =","                        'hide internal test';","                    local.modeTest = true;","                    local.testRunDefault(local);","                // hide tests","                } else {","                    document.querySelector('#testReportDiv1').style.display = 'none';","                    document.querySelector('#testRunButton1').textContent = 'run internal test';","                }","                break;","            // custom-case","            default:","                break;","            }","            if (document.querySelector('#inputTextareaEval1') && (!event || (event &&","                    event.currentTarget &&","                    event.currentTarget.className &&","                    event.currentTarget.className.includes &&","                    event.currentTarget.className.includes('oneval')))) {","                // try to eval input-code","                try {","                    /*jslint evil: true*/","                    eval(document.querySelector('#inputTextareaEval1').value);","                } catch (errorCaught) {","                    console.error(errorCaught);","                }","            }","        };","        // log stderr and stdout to #outputTextareaStdout1","        ['error', 'log'].forEach(function (key) {","            console[key + '_original'] = console[key];","            console[key] = function () {","                var element;","                console[key + '_original'].apply(console, arguments);","                element = document.querySelector('#outputTextareaStdout1');","                if (!element) {","                    return;","                }","                // append text to #outputTextareaStdout1","                element.value += Array.from(arguments).map(function (arg) {","                    return typeof arg === 'string'","                        ? arg","                        : JSON.stringify(arg, null, 4);","                }).join(' ') + '\\n';","                // scroll textarea to bottom","                element.scrollTop = element.scrollHeight;","            };","        });","        // init event-handling","        ['change', 'click', 'keyup'].forEach(function (event) {","            Array.from(document.querySelectorAll('.on' + event)).forEach(function (element) {","                element.addEventListener(event, local.testRunBrowser);","            });","        });","        // run tests","        local.testRunBrowser();","        break;","","","","    // run node js-env code - post-init","    /* istanbul ignore next */","    case 'node':","        // export local","        module.exports = local;","        // require modules","        local.fs = require('fs');","        local.http = require('http');","        local.url = require('url');","        // init assets","        local.assetsDict = local.assetsDict || {};","        /* jslint-ignore-begin */","        local.assetsDict['/assets.index.template.html'] = '\\","<!doctype html>\\n\\","<html lang=\"en\">\\n\\","<head>\\n\\","<meta charset=\"UTF-8\">\\n\\","<meta name=\"viewport\" content=\"width=device-width, initial-scale=1\">\\n\\","<title>{{env.npm_package_name}} (v{{env.npm_package_version}})</title>\\n\\","<style>\\n\\","/*csslint\\n\\","    box-sizing: false,\\n\\","    universal-selector: false\\n\\","*/\\n\\","* {\\n\\","    box-sizing: border-box;\\n\\","}\\n\\","body {\\n\\","    background: #dde;\\n\\","    font-family: Arial, Helvetica, sans-serif;\\n\\","    margin: 2rem;\\n\\","}\\n\\","body > * {\\n\\","    margin-bottom: 1rem;\\n\\","}\\n\\",".utility2FooterDiv {\\n\\","    margin-top: 20px;\\n\\","    text-align: center;\\n\\","}\\n\\","</style>\\n\\","<style>\\n\\","/*csslint\\n\\","*/\\n\\","textarea {\\n\\","    font-family: monospace;\\n\\","    height: 10rem;\\n\\","    width: 100%;\\n\\","}\\n\\","textarea[readonly] {\\n\\","    background: #ddd;\\n\\","}\\n\\","</style>\\n\\","</head>\\n\\","<body>\\n\\","<!-- utility2-comment\\n\\","<div id=\"ajaxProgressDiv1\" style=\"background: #d00; height: 2px; left: 0; margin: 0; padding: 0; position: fixed; top: 0; transition: background 0.5s, width 1.5s; width: 25%;\"></div>\\n\\","utility2-comment -->\\n\\","<h1>\\n\\","<!-- utility2-comment\\n\\","    <a\\n\\","        {{#if env.npm_package_homepage}}\\n\\","        href=\"{{env.npm_package_homepage}}\"\\n\\","        {{/if env.npm_package_homepage}}\\n\\","        target=\"_blank\"\\n\\","    >\\n\\","utility2-comment -->\\n\\","        {{env.npm_package_name}} (v{{env.npm_package_version}})\\n\\","<!-- utility2-comment\\n\\","    </a>\\n\\","utility2-comment -->\\n\\","</h1>\\n\\","<h3>{{env.npm_package_description}}</h3>\\n\\","<!-- utility2-comment\\n\\","<h4><a download href=\"assets.app.js\">download standalone app</a></h4>\\n\\","<button class=\"onclick onreset\" id=\"testRunButton1\">run internal test</button><br>\\n\\","<div id=\"testReportDiv1\" style=\"display: none;\"></div>\\n\\","utility2-comment -->\\n\\","\\n\\","\\n\\","\\n\\","<label>stderr and stdout</label>\\n\\","<textarea class=\"resettable\" id=\"outputTextareaStdout1\" readonly></textarea>\\n\\","<!-- utility2-comment\\n\\","{{#if isRollup}}\\n\\","<script src=\"assets.app.js\"></script>\\n\\","{{#unless isRollup}}\\n\\","utility2-comment -->\\n\\","<script src=\"assets.utility2.rollup.js\"></script>\\n\\","<script src=\"jsonp.utility2._stateInit?callback=window.utility2._stateInit\"></script>\\n\\","<script src=\"assets.npmtest_dav.rollup.js\"></script>\\n\\","<script src=\"assets.example.js\"></script>\\n\\","<script src=\"assets.test.js\"></script>\\n\\","<!-- utility2-comment\\n\\","{{/if isRollup}}\\n\\","utility2-comment -->\\n\\","<div class=\"utility2FooterDiv\">\\n\\","    [ this app was created with\\n\\","    <a href=\"https://github.com/kaizhu256/node-utility2\" target=\"_blank\">utility2</a>\\n\\","    ]\\n\\","</div>\\n\\","</body>\\n\\","</html>\\n\\","';","        /* jslint-ignore-end */","        if (local.templateRender) {","            local.assetsDict['/'] = local.templateRender(","                local.assetsDict['/assets.index.template.html'],","                {","                    env: local.objectSetDefault(local.env, {","                        npm_package_description: 'the greatest app in the world!',","                        npm_package_name: 'my-app',","                        npm_package_nameAlias: 'my_app',","                        npm_package_version: '0.0.1'","                    })","                }","            );","        } else {","            local.assetsDict['/'] = local.assetsDict['/assets.index.template.html']","                .replace((/\\{\\{env\\.(\\w+?)\\}\\}/g), function (match0, match1) {","                    // jslint-hack","                    String(match0);","                    switch (match1) {","                    case 'npm_package_description':","                        return 'the greatest app in the world!';","                    case 'npm_package_name':","                        return 'my-app';","                    case 'npm_package_nameAlias':","                        return 'my_app';","                    case 'npm_package_version':","                        return '0.0.1';","                    }","                });","        }","        // run the cli","        if (local.global.utility2_rollup || module !== require.main) {","            break;","        }","        local.assetsDict['/assets.example.js'] =","            local.assetsDict['/assets.example.js'] ||","            local.fs.readFileSync(__filename, 'utf8');","        local.assetsDict['/assets.npmtest_dav.rollup.js'] =","            local.assetsDict['/assets.npmtest_dav.rollup.js'] ||","            local.fs.readFileSync(","                // buildCustomOrg-hack","                local.npmtest_dav.__dirname +","                    '/lib.npmtest_dav.js',","                'utf8'","            ).replace((/^#!/), '//');","        local.assetsDict['/favicon.ico'] = local.assetsDict['/favicon.ico'] || '';","        // if $npm_config_timeout_exit exists,","        // then exit this process after $npm_config_timeout_exit ms","        if (Number(process.env.npm_config_timeout_exit)) {","            setTimeout(process.exit, Number(process.env.npm_config_timeout_exit));","        }","        // start server","        if (local.global.utility2_serverHttp1) {","            break;","        }","        process.env.PORT = process.env.PORT || '8081';","        console.error('server starting on port ' + process.env.PORT);","        local.http.createServer(function (request, response) {","            request.urlParsed = local.url.parse(request.url);","            if (local.assetsDict[request.urlParsed.pathname] !== undefined) {","                response.end(local.assetsDict[request.urlParsed.pathname]);","                return;","            }","            response.statusCode = 404;","            response.end();","        }).listen(process.env.PORT);","        break;","    }","}());",""],"l":{"26":2,"28":2,"33":2,"35":2,"37":2,"38":2,"39":2,"44":1,"51":2,"55":2,"59":2,"61":2,"69":1,"70":2,"76":2,"79":2,"82":2,"83":2,"85":1,"89":2,"92":1,"93":1,"94":1,"96":1,"97":1,"100":1,"101":1,"103":1,"106":1,"108":2,"114":1,"116":1,"118":1,"123":1,"124":2,"125":2,"126":2,"127":2,"128":2,"129":2,"130":1,"133":2,"134":2,"139":2,"143":1,"144":3,"145":1,"149":1,"150":1,"158":1,"160":1,"161":1,"162":1,"164":1,"166":1,"258":1,"259":1,"271":1,"274":6,"275":6,"277":1,"279":2,"281":1,"283":2,"288":1,"289":1,"291":1,"294":1,"302":1,"305":1,"306":1,"309":1,"310":1,"312":1,"313":1,"314":1,"315":1,"316":1,"317":1,"318":1,"320":1,"321":1,"323":1}},"/home/travis/build/npmtest/node-npmtest-dav/node_modules/dav/dav.js":{"path":"/home/travis/build/npmtest/node-npmtest-dav/node_modules/dav/dav.js","s":{"1":1,"2":0,"3":0,"4":0,"5":0,"6":0,"7":0,"8":0,"9":0,"10":0,"11":0,"12":0,"13":0,"14":0,"15":0,"16":1,"17":0,"18":0,"19":0,"20":0,"21":0,"22":0,"23":0,"24":0,"25":0,"26":0,"27":0,"28":0,"29":0,"30":0,"31":0,"32":0,"33":1,"34":1,"35":1,"36":1,"37":1,"38":1,"39":1,"40":0,"41":0,"42":0,"43":1,"44":1,"45":0,"46":0,"47":0,"48":1,"49":1,"50":0,"51":0,"52":0,"53":1,"54":1,"55":1,"56":1,"57":1,"58":1,"59":1,"60":1,"61":1,"62":1,"63":1,"64":1,"65":1,"66":0,"67":0,"68":1,"69":18,"70":18,"71":18,"72":1,"73":0,"74":0,"75":0,"76":0,"77":1,"78":0,"79":0,"80":0,"81":0,"82":0,"83":0,"84":0,"85":0,"86":0,"87":1,"88":0,"89":0,"90":0,"91":0,"92":0,"93":0,"94":0,"95":0,"96":0,"97":0,"98":0,"99":0,"100":0,"101":0,"102":0,"103":0,"104":0,"105":0,"106":0,"107":0,"108":0,"109":0,"110":0,"111":0,"112":0,"113":0,"114":0,"115":0,"116":0,"117":0,"118":0,"119":0,"120":0,"121":0,"122":0,"123":0,"124":0,"125":0,"126":0,"127":0,"128":0,"129":0,"130":0,"131":0,"132":0,"133":0,"134":0,"135":0,"136":0,"137":0,"138":0,"139":0,"140":0,"141":0,"142":0,"143":0,"144":0,"145":0,"146":0,"147":0,"148":0,"149":1,"150":3,"151":0,"152":1,"153":1,"154":1,"155":1,"156":0,"157":1,"158":0,"159":1,"160":0,"161":0,"162":0,"163":0,"164":0,"165":0,"166":0,"167":1,"168":0,"169":0,"170":0,"171":0,"172":1,"173":0,"174":0,"175":0,"176":1,"177":0,"178":0,"179":0,"180":0,"181":0,"182":0,"183":0,"184":0,"185":0,"186":0,"187":0,"188":0,"189":0,"190":1,"191":0,"192":0,"193":0,"194":0,"195":0,"196":0,"197":0,"198":0,"199":0,"200":0,"201":0,"202":0,"203":0,"204":0,"205":0,"206":0,"207":0,"208":0,"209":1,"210":1,"211":0,"212":1,"213":0,"214":0,"215":0,"216":0,"217":0,"218":0,"219":0,"220":0,"221":0,"222":0,"223":0,"224":0,"225":0,"226":0,"227":0,"228":0,"229":0,"230":1,"231":0,"232":0,"233":0,"234":0,"235":0,"236":0,"237":0,"238":0,"239":0,"240":0,"241":0,"242":0,"243":0,"244":0,"245":0,"246":0,"247":0,"248":0,"249":0,"250":0,"251":0,"252":0,"253":0,"254":0,"255":0,"256":0,"257":0,"258":0,"259":0,"260":0,"261":0,"262":0,"263":0,"264":0,"265":0,"266":0,"267":0,"268":0,"269":0,"270":0,"271":0,"272":0,"273":0,"274":0,"275":0,"276":0,"277":0,"278":0,"279":0,"280":0,"281":0,"282":0,"283":0,"284":0,"285":0,"286":0,"287":0,"288":0,"289":0,"290":0,"291":0,"292":0,"293":0,"294":0,"295":1,"296":1,"297":1,"298":0,"299":0,"300":0,"301":0,"302":0,"303":0,"304":0,"305":0,"306":0,"307":0,"308":0,"309":1,"310":1,"311":1,"312":75,"313":34,"314":1,"315":1,"316":1,"317":0,"318":0,"319":0,"320":0,"321":33,"322":33,"323":73,"324":73,"325":74,"326":1,"327":1,"328":1,"329":1,"330":1,"331":2,"332":2,"333":0,"334":0,"335":0,"336":0,"337":0,"338":0,"339":0,"340":1,"341":3,"342":1,"343":1,"344":1,"345":1,"346":1,"347":1,"348":1,"349":1,"350":1,"351":1,"352":1,"353":1,"354":1,"355":1,"356":1,"357":1,"358":0,"359":0,"360":0,"361":0,"362":0,"363":0,"364":0,"365":0,"366":0,"367":0,"368":0,"369":0,"370":0,"371":0,"372":0,"373":0,"374":0,"375":0,"376":0,"377":0,"378":0,"379":0,"380":0,"381":0,"382":0,"383":0,"384":0,"385":0,"386":0,"387":1,"388":0,"389":0,"390":0,"391":0,"392":0,"393":0,"394":0,"395":0,"396":0,"397":0,"398":0,"399":0,"400":0,"401":1,"402":0,"403":0,"404":0,"405":0,"406":0,"407":0,"408":0,"409":0,"410":0,"411":0,"412":0,"413":0,"414":0,"415":0,"416":0,"417":0,"418":0,"419":0,"420":0,"421":0,"422":0,"423":0,"424":0,"425":0,"426":0,"427":0,"428":1,"429":0,"430":0,"431":0,"432":0,"433":0,"434":0,"435":0,"436":0,"437":0,"438":0,"439":0,"440":0,"441":0,"442":0,"443":0,"444":0,"445":0,"446":0,"447":0,"448":0,"449":0,"450":0,"451":0,"452":0,"453":0,"454":0,"455":0,"456":0,"457":0,"458":0,"459":0,"460":0,"461":0,"462":0,"463":0,"464":0,"465":0,"466":0,"467":0,"468":0,"469":0,"470":0,"471":0,"472":0,"473":0,"474":0,"475":0,"476":0,"477":0,"478":0,"479":0,"480":0,"481":0,"482":0,"483":0,"484":0,"485":0,"486":1,"487":1,"488":1,"489":1,"490":1,"491":1,"492":3,"493":3,"494":0,"495":0,"496":0,"497":0,"498":0,"499":0,"500":0,"501":1,"502":3,"503":1,"504":1,"505":1,"506":1,"507":1,"508":1,"509":1,"510":1,"511":1,"512":1,"513":1,"514":1,"515":1,"516":1,"517":1,"518":1,"519":0,"520":0,"521":0,"522":0,"523":0,"524":0,"525":0,"526":0,"527":0,"528":0,"529":0,"530":0,"531":0,"532":0,"533":0,"534":0,"535":0,"536":0,"537":0,"538":0,"539":0,"540":0,"541":0,"542":0,"543":0,"544":0,"545":0,"546":1,"547":1,"548":0,"549":0,"550":1,"551":0,"552":1,"553":0,"554":1,"555":0,"556":0,"557":0,"558":0,"559":0,"560":0,"561":0,"562":0,"563":0,"564":0,"565":0,"566":0,"567":0,"568":0,"569":1,"570":1,"571":0,"572":0,"573":0,"574":1,"575":0,"576":0,"577":0,"578":0,"579":0,"580":0,"581":0,"582":0,"583":0,"584":0,"585":0,"586":0,"587":0,"588":0,"589":0,"590":0,"591":0,"592":0,"593":0,"594":0,"595":0,"596":0,"597":0,"598":0,"599":0,"600":0,"601":0,"602":0,"603":0,"604":0,"605":0,"606":0,"607":0,"608":1,"609":1,"610":0,"611":0,"612":0,"613":0,"614":0,"615":0,"616":0,"617":0,"618":0,"619":0,"620":0,"621":0,"622":0,"623":0,"624":0,"625":0,"626":0,"627":0,"628":1,"629":0,"630":0,"631":0,"632":0,"633":0,"634":0,"635":0,"636":0,"637":0,"638":0,"639":0,"640":0,"641":0,"642":0,"643":0,"644":0,"645":0,"646":0,"647":1,"648":1,"649":1,"650":0,"651":0,"652":0,"653":0,"654":1,"655":1,"656":1,"657":1,"658":1,"659":12,"660":12,"661":12,"662":12,"663":12,"664":12,"665":1,"666":1,"667":1,"668":1,"669":0,"670":1,"671":1,"672":3,"673":2,"674":1,"675":1,"676":1,"677":1,"678":1,"679":1,"680":1,"681":1,"682":1,"683":1,"684":0,"685":0,"686":1,"687":1,"688":1,"689":1,"690":1,"691":1,"692":1,"693":1,"694":1,"695":1,"696":0,"697":0,"698":0,"699":0,"700":0,"701":0,"702":0,"703":1,"704":0,"705":0,"706":0,"707":0,"708":0,"709":0,"710":0,"711":0,"712":0,"713":0,"714":0,"715":0,"716":0,"717":0,"718":0,"719":0,"720":0,"721":0,"722":0,"723":0,"724":0,"725":0,"726":0,"727":0,"728":0,"729":0,"730":0,"731":0,"732":0,"733":0,"734":0,"735":0,"736":0,"737":0,"738":0,"739":0,"740":0,"741":1,"742":1,"743":1,"744":1,"745":1,"746":1,"747":1,"748":1,"749":3,"750":3,"751":0,"752":0,"753":0,"754":0,"755":0,"756":0,"757":0,"758":1,"759":3,"760":1,"761":1,"762":1,"763":1,"764":1,"765":1,"766":1,"767":1,"768":1,"769":1,"770":1,"771":1,"772":1,"773":1,"774":1,"775":0,"776":0,"777":0,"778":0,"779":0,"780":0,"781":0,"782":0,"783":0,"784":0,"785":0,"786":0,"787":0,"788":0,"789":0,"790":0,"791":0,"792":0,"793":0,"794":0,"795":0,"796":0,"797":0,"798":0,"799":1,"800":1,"801":0,"802":0,"803":1,"804":0,"805":0,"806":0,"807":0,"808":0,"809":0,"810":0,"811":0,"812":0,"813":0,"814":0,"815":0,"816":0,"817":1,"818":1,"819":0,"820":1,"821":0,"822":1,"823":0,"824":0,"825":0,"826":1,"827":0,"828":0,"829":0,"830":0,"831":0,"832":0,"833":0,"834":0,"835":0,"836":0,"837":0,"838":0,"839":0,"840":0,"841":0,"842":0,"843":0,"844":0,"845":0,"846":0,"847":0,"848":0,"849":0,"850":0,"851":0,"852":0,"853":0,"854":0,"855":0,"856":0,"857":0,"858":0,"859":0,"860":1,"861":1,"862":0,"863":0,"864":0,"865":0,"866":0,"867":0,"868":0,"869":0,"870":0,"871":0,"872":0,"873":0,"874":0,"875":0,"876":0,"877":0,"878":1,"879":0,"880":0,"881":0,"882":0,"883":0,"884":0,"885":0,"886":0,"887":0,"888":0,"889":0,"890":0,"891":0,"892":0,"893":0,"894":0,"895":0,"896":0,"897":1,"898":1,"899":1,"900":7,"901":0,"902":0,"903":1,"904":1,"905":1,"906":1,"907":0,"908":1,"909":0,"910":1,"911":1,"912":1,"913":3,"914":3,"915":3,"916":1,"917":6,"918":6,"919":47,"920":47,"921":47,"922":44,"923":6,"924":1,"925":3,"926":3,"927":0,"928":0,"929":0,"930":0,"931":0,"932":0,"933":0,"934":1,"935":1,"936":1,"937":1,"938":1,"939":1,"940":1,"941":1,"942":1,"943":1,"944":1,"945":1,"946":6,"947":1,"948":1,"949":6,"950":1,"951":1,"952":1,"953":1,"954":4,"955":1,"956":1,"957":1,"958":1,"959":1,"960":4,"961":1,"962":1,"963":4,"964":1,"965":4,"966":1,"967":1,"968":1,"969":1,"970":1,"971":1,"972":0,"973":0,"974":0,"975":0,"976":0,"977":0,"978":0,"979":0,"980":0,"981":0,"982":0,"983":0,"984":0,"985":0,"986":0,"987":0,"988":0,"989":0,"990":0,"991":0,"992":0,"993":0,"994":0,"995":0,"996":1,"997":4,"998":0,"999":4,"1000":4,"1001":4,"1002":1,"1003":0,"1004":0,"1005":1,"1006":0,"1007":0,"1008":1,"1009":1,"1010":0,"1011":0,"1012":1,"1013":1,"1014":0,"1015":0,"1016":1,"1017":1,"1018":1,"1019":1,"1020":0,"1021":0,"1022":1,"1023":1,"1024":1,"1025":1,"1026":1,"1027":0,"1028":0,"1029":0,"1030":1,"1031":1,"1032":1,"1033":0,"1034":0,"1035":1,"1036":1,"1037":1,"1038":1,"1039":0,"1040":0,"1041":0,"1042":1,"1043":1,"1044":1,"1045":1,"1046":1,"1047":0,"1048":0,"1049":0,"1050":1,"1051":1,"1052":1,"1053":1,"1054":1,"1055":1,"1056":1,"1057":1,"1058":1,"1059":1,"1060":1,"1061":1,"1062":1,"1063":1,"1064":1,"1065":1,"1066":1,"1067":1,"1068":1,"1069":1,"1070":0,"1071":1,"1072":1,"1073":0,"1074":0,"1075":0,"1076":0,"1077":0,"1078":1,"1079":0,"1080":0,"1081":0,"1082":0,"1083":0,"1084":0,"1085":0,"1086":0,"1087":0,"1088":0,"1089":0,"1090":0,"1091":0,"1092":0,"1093":1,"1094":0,"1095":0,"1096":0,"1097":0,"1098":0,"1099":0,"1100":0,"1101":1,"1102":0,"1103":0,"1104":0,"1105":0,"1106":0,"1107":0,"1108":0,"1109":0,"1110":0,"1111":0,"1112":0,"1113":0,"1114":0,"1115":0,"1116":0,"1117":0,"1118":0,"1119":1,"1120":0,"1121":0,"1122":0,"1123":0,"1124":0,"1125":0,"1126":1,"1127":0,"1128":0,"1129":0,"1130":0,"1131":1,"1132":0,"1133":0,"1134":1,"1135":0,"1136":1,"1137":1,"1138":1,"1139":1,"1140":1,"1141":1,"1142":1,"1143":1,"1144":1,"1145":1,"1146":1,"1147":1,"1148":0,"1149":1,"1150":1,"1151":1,"1152":4,"1153":4,"1154":1,"1155":1,"1156":1,"1157":0,"1158":0,"1159":1,"1160":1,"1161":1,"1162":1,"1163":0,"1164":1,"1165":1,"1166":0,"1167":0,"1168":1,"1169":0,"1170":1,"1171":1,"1172":0,"1173":1,"1174":0,"1175":0,"1176":0,"1177":1,"1178":0,"1179":1,"1180":0,"1181":1,"1182":0,"1183":0,"1184":0,"1185":0,"1186":0,"1187":0,"1188":0,"1189":0,"1190":0,"1191":0,"1192":1,"1193":0,"1194":1,"1195":0,"1196":1,"1197":0,"1198":0,"1199":0,"1200":0,"1201":0,"1202":1,"1203":0,"1204":0,"1205":0,"1206":1,"1207":1,"1208":0,"1209":0,"1210":0,"1211":0,"1212":0,"1213":1,"1214":0,"1215":0,"1216":1,"1217":0,"1218":0,"1219":1,"1220":0,"1221":0,"1222":0,"1223":0,"1224":0,"1225":1,"1226":1,"1227":1,"1228":1,"1229":2,"1230":2,"1231":2,"1232":2,"1233":2,"1234":2,"1235":1,"1236":1,"1237":1,"1238":1,"1239":0,"1240":1,"1241":1,"1242":1,"1243":0,"1244":0,"1245":1,"1246":1,"1247":1,"1248":0,"1249":0,"1250":1,"1251":0,"1252":0,"1253":0,"1254":0,"1255":0,"1256":1,"1257":1,"1258":1,"1259":0,"1260":1,"1261":1,"1262":1,"1263":1,"1264":1,"1265":1,"1266":1,"1267":0,"1268":1,"1269":1,"1270":1,"1271":1,"1272":2,"1273":1,"1274":1,"1275":1,"1276":1,"1277":1,"1278":0,"1279":1,"1280":1,"1281":1,"1282":1,"1283":0,"1284":0,"1285":0,"1286":0,"1287":1,"1288":0,"1289":0,"1290":0,"1291":0,"1292":1,"1293":1,"1294":1,"1295":1,"1296":1,"1297":1,"1298":1,"1299":1,"1300":1,"1301":1,"1302":0,"1303":0,"1304":0,"1305":0,"1306":0,"1307":0,"1308":0,"1309":1,"1310":1,"1311":1,"1312":0,"1313":1,"1314":0,"1315":0,"1316":0,"1317":0,"1318":0,"1319":0,"1320":1,"1321":1,"1322":1,"1323":1,"1324":1,"1325":1,"1326":1,"1327":1,"1328":0,"1329":1,"1330":1,"1331":1,"1332":1,"1333":1,"1334":1,"1335":1,"1336":1,"1337":0,"1338":1,"1339":1,"1340":1,"1341":0,"1342":0,"1343":0,"1344":0,"1345":0,"1346":0,"1347":0,"1348":0,"1349":0,"1350":0,"1351":0,"1352":0,"1353":0,"1354":0,"1355":0,"1356":0,"1357":0,"1358":0,"1359":0,"1360":0,"1361":0,"1362":0,"1363":0,"1364":0,"1365":1,"1366":1,"1367":3,"1368":3,"1369":3,"1370":3,"1371":3,"1372":3,"1373":3,"1374":1,"1375":3,"1376":3,"1377":3,"1378":0,"1379":3,"1380":1,"1381":3,"1382":1,"1383":2,"1384":0,"1385":2,"1386":2,"1387":2,"1388":1,"1389":0,"1390":0,"1391":1,"1392":1,"1393":1,"1394":1,"1395":1,"1396":1,"1397":1,"1398":1,"1399":0,"1400":0,"1401":1,"1402":1,"1403":1,"1404":1,"1405":1,"1406":1,"1407":0,"1408":0,"1409":1,"1410":0,"1411":0,"1412":0,"1413":0,"1414":0,"1415":0,"1416":0,"1417":0,"1418":0,"1419":0,"1420":0,"1421":0,"1422":0,"1423":0,"1424":0,"1425":0,"1426":0,"1427":0,"1428":0,"1429":0,"1430":0,"1431":0,"1432":0,"1433":0,"1434":0,"1435":0,"1436":0,"1437":0,"1438":0,"1439":1,"1440":1,"1441":1,"1442":1,"1443":1,"1444":0,"1445":0,"1446":1,"1447":0,"1448":0,"1449":0,"1450":0,"1451":0,"1452":0,"1453":0,"1454":0,"1455":0,"1456":0,"1457":0,"1458":0,"1459":0,"1460":0,"1461":0,"1462":0,"1463":0,"1464":0,"1465":0,"1466":0,"1467":0,"1468":0,"1469":0,"1470":0,"1471":0,"1472":0,"1473":0,"1474":0,"1475":0,"1476":0,"1477":0,"1478":0,"1479":0,"1480":0,"1481":0,"1482":0,"1483":0,"1484":0,"1485":0,"1486":0,"1487":0,"1488":0,"1489":1,"1490":1,"1491":1,"1492":0,"1493":0,"1494":0,"1495":0,"1496":0,"1497":1,"1498":0,"1499":1,"1500":0,"1501":0,"1502":0,"1503":0,"1504":0,"1505":0,"1506":0,"1507":0,"1508":0,"1509":0,"1510":0,"1511":0,"1512":0,"1513":0,"1514":0,"1515":0,"1516":0,"1517":0,"1518":0,"1519":0,"1520":1,"1521":0,"1522":0,"1523":0,"1524":0,"1525":0,"1526":0,"1527":0,"1528":0,"1529":0,"1530":0,"1531":0,"1532":0,"1533":0,"1534":0,"1535":0,"1536":0,"1537":0,"1538":0,"1539":0,"1540":1,"1541":1,"1542":1,"1543":1,"1544":1,"1545":1,"1546":2,"1547":2,"1548":0,"1549":0,"1550":0,"1551":0,"1552":0,"1553":0,"1554":0,"1555":1,"1556":2,"1557":1,"1558":1,"1559":1,"1560":1,"1561":1,"1562":1,"1563":1,"1564":1,"1565":1,"1566":1,"1567":0,"1568":0,"1569":1,"1570":0,"1571":0,"1572":1,"1573":0,"1574":0,"1575":1,"1576":0,"1577":0,"1578":0,"1579":0,"1580":0,"1581":0,"1582":0,"1583":0,"1584":0,"1585":0,"1586":0,"1587":1,"1588":0,"1589":0,"1590":0,"1591":0,"1592":0,"1593":0,"1594":0,"1595":0,"1596":0,"1597":0,"1598":0,"1599":1,"1600":1,"1601":0,"1602":0,"1603":0,"1604":0,"1605":0,"1606":0,"1607":0,"1608":0,"1609":0,"1610":0,"1611":0,"1612":0,"1613":0,"1614":0,"1615":0,"1616":0,"1617":0,"1618":0,"1619":0,"1620":0,"1621":0,"1622":0,"1623":0,"1624":1,"1625":1,"1626":1,"1627":1,"1628":1,"1629":8,"1630":8,"1631":8,"1632":8,"1633":8,"1634":8,"1635":1,"1636":1,"1637":1,"1638":1,"1639":0,"1640":1,"1641":1,"1642":0,"1643":0,"1644":1,"1645":1,"1646":1,"1647":0,"1648":1,"1649":1,"1650":1,"1651":0,"1652":0,"1653":0,"1654":0,"1655":0,"1656":0,"1657":0,"1658":0,"1659":0,"1660":0,"1661":0,"1662":1,"1663":0,"1664":0,"1665":0,"1666":0,"1667":0,"1668":0,"1669":0,"1670":0,"1671":0,"1672":0,"1673":0,"1674":0,"1675":0,"1676":0,"1677":0,"1678":0,"1679":0,"1680":0,"1681":0,"1682":0,"1683":0,"1684":1,"1685":1,"1686":1,"1687":1,"1688":1,"1689":1,"1690":1,"1691":1,"1692":1,"1693":1,"1694":1,"1695":1,"1696":0,"1697":1,"1698":0,"1699":0,"1700":0,"1701":0,"1702":0,"1703":1,"1704":0,"1705":0,"1706":0,"1707":0,"1708":0,"1709":0,"1710":0,"1711":0,"1712":0,"1713":1,"1714":0,"1715":0,"1716":0,"1717":0,"1718":0,"1719":0,"1720":0,"1721":0,"1722":0,"1723":0,"1724":0,"1725":1,"1726":0,"1727":0,"1728":0,"1729":0,"1730":0,"1731":0,"1732":0,"1733":0,"1734":1,"1735":0,"1736":0,"1737":0,"1738":0,"1739":0,"1740":0,"1741":0,"1742":1,"1743":0,"1744":1,"1745":0,"1746":0,"1747":0,"1748":0,"1749":0,"1750":0,"1751":1,"1752":0,"1753":0,"1754":0,"1755":0,"1756":0,"1757":0,"1758":0,"1759":0,"1760":0,"1761":0,"1762":0,"1763":0,"1764":0,"1765":0,"1766":0,"1767":0,"1768":0,"1769":0,"1770":0,"1771":0,"1772":0,"1773":0,"1774":0,"1775":0,"1776":0,"1777":0,"1778":0,"1779":0,"1780":0,"1781":0,"1782":0,"1783":1,"1784":0,"1785":0,"1786":0,"1787":0,"1788":0,"1789":0,"1790":0,"1791":0,"1792":0,"1793":0,"1794":0,"1795":0,"1796":0,"1797":0,"1798":0,"1799":0,"1800":0,"1801":0,"1802":0,"1803":0,"1804":0,"1805":0,"1806":0,"1807":0,"1808":0,"1809":0,"1810":0,"1811":0,"1812":0,"1813":0,"1814":0,"1815":0,"1816":0,"1817":0,"1818":0,"1819":0,"1820":0,"1821":0,"1822":0,"1823":0,"1824":0,"1825":0,"1826":0,"1827":1,"1828":0,"1829":0,"1830":1,"1831":0,"1832":0,"1833":1,"1834":1,"1835":0,"1836":0,"1837":1,"1838":1,"1839":1,"1840":0,"1841":0,"1842":0,"1843":1,"1844":0,"1845":1,"1846":0,"1847":0,"1848":0,"1849":0,"1850":0,"1851":0,"1852":0,"1853":0,"1854":0,"1855":0,"1856":0,"1857":0,"1858":0,"1859":0,"1860":0,"1861":0,"1862":0,"1863":0,"1864":0,"1865":0,"1866":0,"1867":0,"1868":0,"1869":0,"1870":0,"1871":0,"1872":0,"1873":0,"1874":1,"1875":0,"1876":1,"1877":0,"1878":0,"1879":0,"1880":0,"1881":0,"1882":1,"1883":0,"1884":0,"1885":0,"1886":0,"1887":0,"1888":0,"1889":0,"1890":0,"1891":0,"1892":0,"1893":0,"1894":0,"1895":0,"1896":0,"1897":1,"1898":0,"1899":1,"1900":0,"1901":0,"1902":0,"1903":0,"1904":0,"1905":0,"1906":1,"1907":0,"1908":0,"1909":0,"1910":0,"1911":0,"1912":1,"1913":1,"1914":1,"1915":1,"1916":1,"1917":1,"1918":1,"1919":1,"1920":1,"1921":0,"1922":0,"1923":0,"1924":0,"1925":0,"1926":0,"1927":0,"1928":0,"1929":0,"1930":0,"1931":0,"1932":0,"1933":1,"1934":1,"1935":0,"1936":0,"1937":0,"1938":0,"1939":0,"1940":1,"1941":0,"1942":0,"1943":0,"1944":0,"1945":0,"1946":0,"1947":0,"1948":0,"1949":0,"1950":0,"1951":0,"1952":0,"1953":0,"1954":0,"1955":0,"1956":0,"1957":0,"1958":0,"1959":0,"1960":0,"1961":0,"1962":0,"1963":0,"1964":0,"1965":0,"1966":0,"1967":0,"1968":0,"1969":0,"1970":0,"1971":0,"1972":0,"1973":0,"1974":0,"1975":0,"1976":0,"1977":0,"1978":0,"1979":0,"1980":0,"1981":0,"1982":0,"1983":0,"1984":0,"1985":0,"1986":0,"1987":0,"1988":0,"1989":0,"1990":0,"1991":0,"1992":0,"1993":0,"1994":0,"1995":0,"1996":0,"1997":0,"1998":0,"1999":0,"2000":0,"2001":0,"2002":0,"2003":0,"2004":0,"2005":0,"2006":0,"2007":0,"2008":0,"2009":0,"2010":0,"2011":0,"2012":0,"2013":0,"2014":0,"2015":0,"2016":0,"2017":0,"2018":0,"2019":0,"2020":0,"2021":0,"2022":0,"2023":0,"2024":0,"2025":0,"2026":0,"2027":0,"2028":0,"2029":0,"2030":0,"2031":0,"2032":0,"2033":0,"2034":0,"2035":0,"2036":0,"2037":0,"2038":0,"2039":0,"2040":0,"2041":0,"2042":0,"2043":0,"2044":0,"2045":0,"2046":0,"2047":0,"2048":0,"2049":0,"2050":0,"2051":0,"2052":0,"2053":0,"2054":1,"2055":0,"2056":0,"2057":0,"2058":0,"2059":0,"2060":1,"2061":0,"2062":0,"2063":0,"2064":0,"2065":0,"2066":0,"2067":0,"2068":0,"2069":0,"2070":0,"2071":0,"2072":0,"2073":0,"2074":0,"2075":0,"2076":0,"2077":0,"2078":0,"2079":0,"2080":0,"2081":0,"2082":0,"2083":0,"2084":0,"2085":0,"2086":0,"2087":0,"2088":0,"2089":0,"2090":0,"2091":0,"2092":1,"2093":0,"2094":1,"2095":0,"2096":1,"2097":0,"2098":0,"2099":0,"2100":1,"2101":0,"2102":0,"2103":0,"2104":0,"2105":0,"2106":0,"2107":0,"2108":0,"2109":0,"2110":0,"2111":0,"2112":0,"2113":0,"2114":0,"2115":0,"2116":0,"2117":0,"2118":0,"2119":0,"2120":0,"2121":0,"2122":0,"2123":0,"2124":0,"2125":0,"2126":0,"2127":0,"2128":0,"2129":0,"2130":0,"2131":0,"2132":0,"2133":0,"2134":0,"2135":0,"2136":0,"2137":0,"2138":0,"2139":0,"2140":0,"2141":0,"2142":0,"2143":0,"2144":0,"2145":0,"2146":0,"2147":0,"2148":0,"2149":0,"2150":0,"2151":0,"2152":0,"2153":0,"2154":0,"2155":0,"2156":0,"2157":0,"2158":0,"2159":0,"2160":0,"2161":0,"2162":0,"2163":0,"2164":0,"2165":0,"2166":0,"2167":0,"2168":0,"2169":0,"2170":0,"2171":0,"2172":0,"2173":0,"2174":0,"2175":0,"2176":0,"2177":0,"2178":0,"2179":0,"2180":0,"2181":0,"2182":0,"2183":0,"2184":0,"2185":0,"2186":0,"2187":0,"2188":0,"2189":0,"2190":0,"2191":0,"2192":0,"2193":0,"2194":0,"2195":0,"2196":0,"2197":0,"2198":0,"2199":0,"2200":0,"2201":0,"2202":0,"2203":0,"2204":0,"2205":0,"2206":0,"2207":0,"2208":0,"2209":0,"2210":0,"2211":0,"2212":0,"2213":0,"2214":0,"2215":0,"2216":0,"2217":0,"2218":0,"2219":0,"2220":0,"2221":0,"2222":0,"2223":0,"2224":0,"2225":0,"2226":0,"2227":0,"2228":0,"2229":0,"2230":0,"2231":0,"2232":0,"2233":0,"2234":0,"2235":0,"2236":0,"2237":0,"2238":0,"2239":0,"2240":0,"2241":0,"2242":0,"2243":0,"2244":1,"2245":0,"2246":0,"2247":0,"2248":0,"2249":0,"2250":0,"2251":0,"2252":0,"2253":0,"2254":1,"2255":0,"2256":1,"2257":0,"2258":1,"2259":0,"2260":1,"2261":0,"2262":1,"2263":1,"2264":1,"2265":18,"2266":18,"2267":1,"2268":0,"2269":1,"2270":0,"2271":0,"2272":0,"2273":0,"2274":0,"2275":0,"2276":0,"2277":0,"2278":1,"2279":0,"2280":0,"2281":0,"2282":0,"2283":0,"2284":1,"2285":0,"2286":0,"2287":0,"2288":0,"2289":0,"2290":1,"2291":0,"2292":0,"2293":0,"2294":0,"2295":0,"2296":0,"2297":1,"2298":0,"2299":0,"2300":0,"2301":0,"2302":0,"2303":0,"2304":0,"2305":0,"2306":0,"2307":0,"2308":0,"2309":0,"2310":0,"2311":1,"2312":0,"2313":0,"2314":0,"2315":0,"2316":0,"2317":0,"2318":0,"2319":0,"2320":1,"2321":0,"2322":1,"2323":0,"2324":0,"2325":0,"2326":0,"2327":0,"2328":0,"2329":0,"2330":0,"2331":0,"2332":0,"2333":0,"2334":1,"2335":0,"2336":0,"2337":0,"2338":1,"2339":0,"2340":1,"2341":0,"2342":1,"2343":0,"2344":0,"2345":0,"2346":0,"2347":0,"2348":0,"2349":1,"2350":0,"2351":1,"2352":0,"2353":1,"2354":0,"2355":0,"2356":0,"2357":0,"2358":0,"2359":0,"2360":0,"2361":0,"2362":0,"2363":0,"2364":0,"2365":0,"2366":0,"2367":0,"2368":0,"2369":0,"2370":0,"2371":0,"2372":0,"2373":1,"2374":0,"2375":0,"2376":0,"2377":0,"2378":0,"2379":0,"2380":0,"2381":1,"2382":0,"2383":0,"2384":0,"2385":0,"2386":0,"2387":0,"2388":0,"2389":0,"2390":0,"2391":0,"2392":0,"2393":0,"2394":0,"2395":0,"2396":0,"2397":1,"2398":0,"2399":1,"2400":0,"2401":0,"2402":1,"2403":0,"2404":0,"2405":0,"2406":0,"2407":0,"2408":0,"2409":0,"2410":0,"2411":0,"2412":0,"2413":0,"2414":0,"2415":0,"2416":0,"2417":0,"2418":0,"2419":0,"2420":0,"2421":0,"2422":0,"2423":0,"2424":0,"2425":0,"2426":0,"2427":0,"2428":0,"2429":0,"2430":0,"2431":0,"2432":0,"2433":0,"2434":0,"2435":0,"2436":0,"2437":0,"2438":0,"2439":0,"2440":0,"2441":0,"2442":0,"2443":0,"2444":0,"2445":0,"2446":0,"2447":0,"2448":0,"2449":0,"2450":0,"2451":0,"2452":0,"2453":1,"2454":0,"2455":0,"2456":1,"2457":0,"2458":0,"2459":0,"2460":0,"2461":0,"2462":1,"2463":11,"2464":0,"2465":1,"2466":0,"2467":0,"2468":0,"2469":1,"2470":1,"2471":1,"2472":1,"2473":1,"2474":1,"2475":3,"2476":39,"2477":1,"2478":14,"2479":14,"2480":14,"2481":14,"2482":14,"2483":1,"2484":0,"2485":0,"2486":0,"2487":0,"2488":14,"2489":6,"2490":0,"2491":6,"2492":1,"2493":1,"2494":1,"2495":1,"2496":1,"2497":1,"2498":1,"2499":1,"2500":1,"2501":1,"2502":1,"2503":1,"2504":1,"2505":1,"2506":1,"2507":1,"2508":1,"2509":1,"2510":1,"2511":1,"2512":1,"2513":1,"2514":1,"2515":1,"2516":1,"2517":1,"2518":1,"2519":1,"2520":1,"2521":1,"2522":1,"2523":1,"2524":0,"2525":0,"2526":0,"2527":0,"2528":0,"2529":0,"2530":0,"2531":0,"2532":0,"2533":0,"2534":0,"2535":1,"2536":1,"2537":1,"2538":1,"2539":0,"2540":1,"2541":0,"2542":0,"2543":0,"2544":1,"2545":0,"2546":0,"2547":0,"2548":0,"2549":0,"2550":0,"2551":1,"2552":0,"2553":0,"2554":1,"2555":1,"2556":1,"2557":0,"2558":0,"2559":0,"2560":0,"2561":1,"2562":0,"2563":0,"2564":0,"2565":0,"2566":0,"2567":0,"2568":0,"2569":0,"2570":0,"2571":1,"2572":0,"2573":0,"2574":0,"2575":0,"2576":0,"2577":0,"2578":0,"2579":0,"2580":0,"2581":0,"2582":0,"2583":0,"2584":1,"2585":0,"2586":0,"2587":0,"2588":0,"2589":0,"2590":0,"2591":0,"2592":0,"2593":0,"2594":0,"2595":0,"2596":0,"2597":0,"2598":0,"2599":0,"2600":0,"2601":0,"2602":0,"2603":0,"2604":0,"2605":0,"2606":0,"2607":0,"2608":0,"2609":0,"2610":0,"2611":0,"2612":0,"2613":0,"2614":1,"2615":0,"2616":0,"2617":0,"2618":0,"2619":1,"2620":0,"2621":0,"2622":0,"2623":0,"2624":0,"2625":0,"2626":0,"2627":0,"2628":0,"2629":0,"2630":0,"2631":0,"2632":0,"2633":0,"2634":0,"2635":0,"2636":0,"2637":0,"2638":0,"2639":0,"2640":1,"2641":1,"2642":0,"2643":0,"2644":0,"2645":0,"2646":0,"2647":0,"2648":0,"2649":0,"2650":0,"2651":0,"2652":0,"2653":0,"2654":0,"2655":0,"2656":0,"2657":0,"2658":0,"2659":0,"2660":0,"2661":0,"2662":0,"2663":0,"2664":0,"2665":0,"2666":0,"2667":0,"2668":0,"2669":0,"2670":0,"2671":0,"2672":0,"2673":0,"2674":0,"2675":0,"2676":0,"2677":0,"2678":0,"2679":1,"2680":0,"2681":1,"2682":1,"2683":1,"2684":0,"2685":0,"2686":0,"2687":0,"2688":0,"2689":0,"2690":1,"2691":1,"2692":0,"2693":0,"2694":0,"2695":0,"2696":1,"2697":0,"2698":0,"2699":0,"2700":0,"2701":1,"2702":0,"2703":0,"2704":0,"2705":0,"2706":0,"2707":0,"2708":0,"2709":0,"2710":0,"2711":0,"2712":0,"2713":1,"2714":0,"2715":0,"2716":0,"2717":0,"2718":0,"2719":0,"2720":0,"2721":0,"2722":0,"2723":0,"2724":1,"2725":0,"2726":0,"2727":0,"2728":0,"2729":0,"2730":0,"2731":0,"2732":0,"2733":0,"2734":0,"2735":0,"2736":0,"2737":0,"2738":0,"2739":0,"2740":0,"2741":0,"2742":0,"2743":0,"2744":0,"2745":0,"2746":0,"2747":0,"2748":0,"2749":1,"2750":0,"2751":0,"2752":0,"2753":0,"2754":0,"2755":0,"2756":0,"2757":0,"2758":0,"2759":0,"2760":0,"2761":0,"2762":0,"2763":0,"2764":0,"2765":1,"2766":0,"2767":0,"2768":0,"2769":0,"2770":0,"2771":0,"2772":0,"2773":0,"2774":0,"2775":0,"2776":0,"2777":0,"2778":0,"2779":0,"2780":0,"2781":0,"2782":0,"2783":0,"2784":0,"2785":0,"2786":0,"2787":0,"2788":0,"2789":0,"2790":0,"2791":0,"2792":0,"2793":0,"2794":0,"2795":0,"2796":0,"2797":0,"2798":0,"2799":0,"2800":0,"2801":0,"2802":0,"2803":0,"2804":0,"2805":0,"2806":0,"2807":0,"2808":0,"2809":0,"2810":0,"2811":0,"2812":0,"2813":0,"2814":0,"2815":0,"2816":0,"2817":0,"2818":0,"2819":0,"2820":0,"2821":0,"2822":0,"2823":0,"2824":0,"2825":0,"2826":0,"2827":0,"2828":0,"2829":0,"2830":0,"2831":0,"2832":0,"2833":0,"2834":0,"2835":0,"2836":0,"2837":0,"2838":0,"2839":0,"2840":0,"2841":0,"2842":0,"2843":0,"2844":0,"2845":0,"2846":0,"2847":0,"2848":0,"2849":0,"2850":0,"2851":0,"2852":0,"2853":1,"2854":1,"2855":0,"2856":1,"2857":0,"2858":0,"2859":0,"2860":0,"2861":0,"2862":0,"2863":0,"2864":0,"2865":0,"2866":0,"2867":0,"2868":0,"2869":0,"2870":0,"2871":0,"2872":0,"2873":0,"2874":0,"2875":0,"2876":0,"2877":0,"2878":0,"2879":0,"2880":0,"2881":0,"2882":0,"2883":0,"2884":0,"2885":0,"2886":0,"2887":0,"2888":0,"2889":0,"2890":0,"2891":0,"2892":0,"2893":1,"2894":1,"2895":1,"2896":1,"2897":1,"2898":1,"2899":1,"2900":1,"2901":0,"2902":0,"2903":0,"2904":0,"2905":0,"2906":0,"2907":0,"2908":0,"2909":0,"2910":0,"2911":0,"2912":0,"2913":0,"2914":1,"2915":1,"2916":1,"2917":0,"2918":0,"2919":0,"2920":0,"2921":0,"2922":0,"2923":0,"2924":0,"2925":0,"2926":1,"2927":1,"2928":1,"2929":1,"2930":1,"2931":1,"2932":1,"2933":1,"2934":1,"2935":1,"2936":1,"2937":1,"2938":1,"2939":1,"2940":1,"2941":1,"2942":1,"2943":1,"2944":1,"2945":1,"2946":1,"2947":1,"2948":1,"2949":1,"2950":1,"2951":1,"2952":1,"2953":1,"2954":0,"2955":0,"2956":0,"2957":1,"2958":0,"2959":1,"2960":0,"2961":0,"2962":0,"2963":0,"2964":0,"2965":0,"2966":0,"2967":0,"2968":0,"2969":0,"2970":0,"2971":0,"2972":0,"2973":0,"2974":0,"2975":0,"2976":0,"2977":0,"2978":0,"2979":0,"2980":0,"2981":0,"2982":0,"2983":0,"2984":0,"2985":0,"2986":0,"2987":0,"2988":0,"2989":0,"2990":0,"2991":0,"2992":0,"2993":0,"2994":0,"2995":0,"2996":0,"2997":0,"2998":0,"2999":0,"3000":0,"3001":0,"3002":0,"3003":0,"3004":0,"3005":0,"3006":0,"3007":1,"3008":0,"3009":0,"3010":0,"3011":0,"3012":0,"3013":0,"3014":0,"3015":0,"3016":0,"3017":0,"3018":0,"3019":0,"3020":0,"3021":0,"3022":0,"3023":0,"3024":0,"3025":1,"3026":0,"3027":0,"3028":0,"3029":0,"3030":0,"3031":0,"3032":0,"3033":0,"3034":0,"3035":0,"3036":0,"3037":0,"3038":0,"3039":0,"3040":0,"3041":0,"3042":0,"3043":0,"3044":0,"3045":0,"3046":0,"3047":0,"3048":0,"3049":0,"3050":1,"3051":0,"3052":1,"3053":1,"3054":1,"3055":0,"3056":0,"3057":1,"3058":0,"3059":0,"3060":0,"3061":0,"3062":0,"3063":0,"3064":0,"3065":0,"3066":0,"3067":0,"3068":1,"3069":0,"3070":0,"3071":0,"3072":0,"3073":0,"3074":0,"3075":0,"3076":0,"3077":0,"3078":1,"3079":0,"3080":1,"3081":1,"3082":1,"3083":1,"3084":1,"3085":1,"3086":1,"3087":1,"3088":1,"3089":1,"3090":1,"3091":1,"3092":1,"3093":1,"3094":1,"3095":1,"3096":0,"3097":0,"3098":0,"3099":0,"3100":0,"3101":1,"3102":1,"3103":0,"3104":0,"3105":0,"3106":0,"3107":0,"3108":1,"3109":0,"3110":0,"3111":0,"3112":0,"3113":0,"3114":0,"3115":0,"3116":1,"3117":0,"3118":0,"3119":0,"3120":0,"3121":1,"3122":0,"3123":0,"3124":0,"3125":0,"3126":0,"3127":0,"3128":0,"3129":0,"3130":0,"3131":0,"3132":0,"3133":0,"3134":0,"3135":0,"3136":0,"3137":0,"3138":0,"3139":0,"3140":0,"3141":0,"3142":0,"3143":0,"3144":0,"3145":0,"3146":0,"3147":0,"3148":0,"3149":0,"3150":0,"3151":0,"3152":0,"3153":0,"3154":0,"3155":0,"3156":0,"3157":0,"3158":0,"3159":0,"3160":0,"3161":0,"3162":0,"3163":0,"3164":0,"3165":0,"3166":0,"3167":0,"3168":0,"3169":0,"3170":0,"3171":0,"3172":0,"3173":0,"3174":0,"3175":0,"3176":0,"3177":0,"3178":0,"3179":0,"3180":0,"3181":0,"3182":0,"3183":0,"3184":0,"3185":0,"3186":0,"3187":0,"3188":0,"3189":1,"3190":0,"3191":0,"3192":0,"3193":1,"3194":0,"3195":0,"3196":0,"3197":0,"3198":0,"3199":0,"3200":0,"3201":0,"3202":0,"3203":0,"3204":0,"3205":0,"3206":0,"3207":0,"3208":0,"3209":0,"3210":0,"3211":0,"3212":0,"3213":0,"3214":0,"3215":0,"3216":0,"3217":0,"3218":0,"3219":0,"3220":0,"3221":0,"3222":0,"3223":0,"3224":0,"3225":0,"3226":0,"3227":0,"3228":0,"3229":0,"3230":0,"3231":0,"3232":0,"3233":0,"3234":0,"3235":0,"3236":0,"3237":0,"3238":0,"3239":0,"3240":0,"3241":0,"3242":0,"3243":0,"3244":0,"3245":0,"3246":0,"3247":0,"3248":0,"3249":0,"3250":0,"3251":0,"3252":0,"3253":0,"3254":0,"3255":0,"3256":0,"3257":0,"3258":0,"3259":0,"3260":0,"3261":0,"3262":0,"3263":0,"3264":0,"3265":0,"3266":0,"3267":0,"3268":0,"3269":0,"3270":0,"3271":0,"3272":0,"3273":0,"3274":0,"3275":0,"3276":0,"3277":0,"3278":1,"3279":0,"3280":0,"3281":0,"3282":0,"3283":0,"3284":0,"3285":0,"3286":0,"3287":0,"3288":0,"3289":0,"3290":0,"3291":0,"3292":0,"3293":0,"3294":0,"3295":0,"3296":0,"3297":0,"3298":0,"3299":0,"3300":0,"3301":0,"3302":0,"3303":0,"3304":0,"3305":0,"3306":0,"3307":0,"3308":0,"3309":0,"3310":0,"3311":0,"3312":0,"3313":0,"3314":0,"3315":0,"3316":0,"3317":0,"3318":0,"3319":0,"3320":0,"3321":0,"3322":0,"3323":0,"3324":0,"3325":0,"3326":0,"3327":0,"3328":1,"3329":0,"3330":0,"3331":0,"3332":0,"3333":0,"3334":0,"3335":0,"3336":0,"3337":0,"3338":0,"3339":0,"3340":1,"3341":0,"3342":0,"3343":0,"3344":0,"3345":1,"3346":0,"3347":0,"3348":1,"3349":0,"3350":0,"3351":0,"3352":0,"3353":0,"3354":0,"3355":0,"3356":0,"3357":0,"3358":0,"3359":0,"3360":0,"3361":0,"3362":0,"3363":0,"3364":0,"3365":0,"3366":0,"3367":0,"3368":0,"3369":0,"3370":0,"3371":0,"3372":0,"3373":0,"3374":0,"3375":0,"3376":1,"3377":0,"3378":0,"3379":0,"3380":0,"3381":0,"3382":0,"3383":0,"3384":0,"3385":0,"3386":1,"3387":1,"3388":0,"3389":0,"3390":0,"3391":0,"3392":0,"3393":0,"3394":0,"3395":0,"3396":0,"3397":0,"3398":0,"3399":1,"3400":1,"3401":1,"3402":1,"3403":0,"3404":1,"3405":0,"3406":0,"3407":0,"3408":0,"3409":0,"3410":1,"3411":0,"3412":0,"3413":0,"3414":0,"3415":0,"3416":0,"3417":0,"3418":0,"3419":0,"3420":1,"3421":1,"3422":1},"b":{"1":[0,1],"2":[0,0],"3":[0,0],"4":[0,0],"5":[0,1],"6":[0,0],"7":[0,0],"8":[0,0],"9":[0,0],"10":[0,0],"11":[0,0],"12":[1,1,0],"13":[0,1],"14":[0,0],"15":[1,0],"16":[0,0],"17":[0,0],"18":[0,0],"19":[0,0],"20":[0,0],"21":[0,0],"22":[0,0],"23":[0,0],"24":[0,0],"25":[0,0],"26":[0,0],"27":[0,0],"28":[0,0],"29":[0,0,0],"30":[0,0],"31":[0,0],"32":[0,0],"33":[0,0],"34":[0,0],"35":[0,0],"36":[0,0],"37":[0,0],"38":[0,0],"39":[0,0],"40":[0,0],"41":[0,0],"42":[0,0],"43":[0,0],"44":[0,0],"45":[0,0],"46":[0,0],"47":[0,0],"48":[0,0],"49":[0,0],"50":[0,0],"51":[0,0],"52":[0,0],"53":[0,0],"54":[0,0],"55":[0,0],"56":[0,0],"57":[0,0],"58":[0,0],"59":[0,0],"60":[0,0],"61":[0,0],"62":[0,0],"63":[0,0],"64":[0,0],"65":[0,0],"66":[0,0],"67":[0,0],"68":[0,0],"69":[0,0],"70":[0,0,0],"71":[0,0],"72":[0,0,0,0,0],"73":[0,0],"74":[0,0],"75":[0,0],"76":[0,0],"77":[0,0],"78":[0,0],"79":[0,0],"80":[0,0],"81":[0,0],"82":[0,0],"83":[0,0],"84":[1,0],"85":[0,0],"86":[0,0],"87":[1,0],"88":[1,1],"89":[0,0],"90":[0,0],"91":[0,0],"92":[0,0],"93":[0,0],"94":[34,41],"95":[1,33],"96":[1,1],"97
[...]
2115":0,"2121":1,"2124":1,"2126":1,"2127":0,"2129":0,"2136":1,"2138":1,"2139":1,"2141":1,"2142":0,"2144":0,"2145":0,"2151":1,"2154":1,"2156":1,"2157":1,"2159":1,"2160":0,"2162":0,"2163":0,"2169":1,"2172":1,"2176":1,"2179":1,"2180":1,"2181":1,"2182":1,"2183":1,"2184":1,"2185":1,"2186":1,"2190":1,"2193":1,"2195":1,"2197":1,"2199":1,"2201":1,"2203":1,"2204":1,"2206":0,"2209":1,"2212":1,"2213":0,"2214":0,"2215":0,"2216":0,"2217":0,"2220":1,"2223":0,"2228":0,"2233":0,"2242":0,"2251":0,"2252":0,"2258":0,"2263":0,"2267":0,"2272":0,"2276":0,"2277":0,"2282":0,"2286":0,"2290":1,"2291":0,"2292":0,"2293":0,"2295":0,"2299":0,"2300":0,"2303":0,"2309":1,"2310":0,"2312":0,"2315":0,"2316":0,"2317":0,"2318":0,"2319":0,"2320":0,"2323":0,"2326":0,"2327":0,"2331":0,"2332":0,"2335":0,"2336":0,"2338":0,"2341":0,"2345":1,"2346":0,"2347":0,"2350":0,"2351":0,"2355":0,"2356":0,"2360":1,"2361":0,"2362":0,"2363":0,"2366":0,"2369":1,"2370":0,"2371":0,"2375":1,"2376":0,"2381":1,"2384":1,"2385":1,"2386":1,"2387":1,"2388":1,"2389":1,"2390":1,"2391":1,"2392":1,"2394":4,"2396":1,"2398":1,"2400":1,"2402":1,"2411":1,"2412":0,"2423":1,"2424":1,"2425":0,"2428":0,"2444":1,"2445":0,"2454":1,"2455":1,"2456":0,"2459":1,"2460":0,"2461":0,"2465":0,"2480":1,"2481":0,"2483":1,"2484":0,"2487":1,"2488":0,"2489":0,"2492":0,"2493":0,"2497":0,"2498":0,"2500":0,"2501":0,"2503":0,"2506":0,"2523":1,"2524":0,"2530":1,"2531":0,"2534":1,"2535":0,"2536":0,"2537":0,"2540":0,"2543":0,"2551":1,"2552":0,"2554":0,"2556":0,"2565":1,"2567":1,"2568":0,"2569":0,"2571":0,"2572":0,"2575":0,"2578":1,"2579":0,"2580":0,"2588":1,"2589":0,"2590":0,"2594":1,"2595":0,"2597":0,"2598":0,"2601":0,"2602":0,"2621":1,"2625":2,"2627":1,"2629":1,"2631":1,"2633":1,"2634":1,"2635":0,"2637":0,"2640":1,"2643":0,"2644":0,"2649":0,"2650":0,"2651":0,"2656":1,"2659":1,"2661":1,"2662":0,"2667":1,"2670":1,"2672":1,"2674":1,"2676":1,"2678":1,"2679":0,"2682":1,"2686":1,"2689":1,"2691":2,"2693":1,"2695":1,"2697":1,"2699":1,"2701":1,"2702":0,"2705":1,"2709":1,"2712":1,"2714":1,"2715":0,"2716":0,"2719":0,"2720":0,"2723":1,"2724":0,"2725":0,"2728":0,"2729":0,"2732":1,"2736":1,"2737":1,"2738":1,"2739":1,"2743":1,"2746":1,"2748":1,"2750":1,"2752":1,"2790":1,"2791":0,"2794":1,"2795":0,"2797":0,"2799":0,"2801":0,"2803":0,"2805":0,"2808":1,"2812":1,"2815":1,"2817":1,"2819":1,"2821":1,"2823":1,"2824":0,"2827":1,"2831":1,"2834":1,"2836":1,"2838":1,"2840":1,"2842":1,"2843":0,"2846":1,"2850":1,"2854":1,"2856":3,"2858":3,"2860":2,"2862":1,"2864":1,"2866":1,"2868":1,"2870":1,"2872":1,"2874":1,"2876":1,"2881":1,"2882":0,"2884":0,"2898":1,"2903":1,"2906":1,"2908":1,"2909":1,"2915":1,"2916":0,"2918":0,"2925":1,"2928":0,"2929":0,"2930":0,"2931":0,"2933":0,"2934":0,"2935":0,"2936":0,"2937":0,"2939":0,"2940":0,"2943":0,"2945":0,"2946":0,"2947":0,"2948":0,"2951":0,"2952":0,"2953":0,"2956":0,"2957":0,"2959":0,"2960":0,"2963":0,"2967":0,"2974":1,"2977":1,"2979":1,"2980":1,"2982":1,"2983":0,"2985":0,"2992":1,"2995":0,"2997":0,"2998":0,"2999":0,"3000":0,"3002":0,"3003":0,"3004":0,"3005":0,"3007":0,"3009":0,"3010":0,"3011":0,"3012":0,"3015":0,"3017":0,"3018":0,"3019":0,"3020":0,"3021":0,"3022":0,"3023":0,"3026":0,"3027":0,"3028":0,"3031":0,"3032":0,"3034":0,"3035":0,"3036":0,"3040":0,"3042":0,"3043":0,"3047":0,"3048":0,"3051":0,"3055":0,"3062":1,"3065":1,"3066":1,"3067":0,"3068":0,"3071":0,"3072":0,"3075":0,"3078":1,"3079":0,"3082":1,"3083":0,"3084":0,"3085":0,"3087":0,"3088":0,"3090":0,"3091":0,"3092":0,"3094":0,"3101":0,"3102":0,"3103":0,"3106":0,"3108":0,"3109":0,"3110":0,"3112":0,"3116":0,"3121":1,"3122":0,"3123":0,"3124":0,"3126":0,"3127":0,"3129":0,"3130":0,"3131":0,"3133":0,"3139":0,"3140":0,"3141":0,"3144":0,"3146":0,"3147":0,"3149":0,"3153":0,"3160":1,"3163":1,"3164":1,"3165":1,"3166":1,"3168":2,"3170":2,"3172":1,"3174":1,"3176":1,"3178":1,"3180":1,"3182":1,"3184":1,"3186":1,"3188":1,"3195":1,"3196":0,"3197":0,"3200":1,"3201":0,"3202":0,"3205":1,"3206":0,"3207":0,"3210":1,"3211":0,"3212":0,"3213":0,"3214":0,"3215":0,"3217":0,"3220":0,"3221":0,"3222":0,"3224":0,"3225":0,"3232":1,"3233":0,"3234":0,"3235":0,"3237":0,"3238":0,"3243":0,"3244":0,"3249":0,"3250":0,"3254":0,"3259":1,"3260":1,"3261":0,"3262":0,"3263":0,"3265":0,"3266":0,"3267":0,"3270":0,"3271":0,"3275":0,"3276":0,"3280":0,"3281":0,"3286":0,"3287":0,"3289":0,"3292":0,"3293":0,"3294":0,"3297":0,"3301":0,"3302":0,"3306":0,"3310":1,"3314":1,"3318":8,"3320":1,"3322":1,"3324":1,"3325":1,"3326":0,"3330":1,"3337":1,"3338":1,"3339":0,"3341":0,"3343":0,"3344":0,"3347":0,"3348":0,"3350":0,"3353":0,"3359":0,"3360":0,"3362":0,"3368":1,"3371":0,"3376":0,"3381":0,"3386":0,"3391":0,"3396":0,"3401":0,"3402":0,"3403":0,"3404":0,"3405":0,"3406":0,"3407":0,"3408":0,"3411":0,"3412":0,"3415":0,"3418":0,"3419":0,"3426":0,"3430":1,"3433":1,"3434":1,"3436":1,"3438":1,"3441":1,"3443":1,"3445":1,"3446":1,"3451":1,"3459":1,"3502":1,"3503":0,"3514":1,"3515":0,"3516":0,"3517":0,"3518":0,"3520":0,"3533":1,"3534":0,"3535":0,"3536":0,"3539":0,"3540":0,"3543":0,"3544":0,"3545":0,"3546":0,"3562":1,"3563":0,"3568":0,"3569":0,"3570":0,"3572":0,"3573":0,"3574":0,"3578":0,"3579":0,"3582":0,"3585":0,"3596":1,"3597":0,"3598":0,"3599":0,"3600":0,"3601":0,"3602":0,"3604":0,"3605":0,"3618":1,"3619":0,"3620":0,"3622":0,"3623":0,"3625":0,"3626":0,"3628":0,"3642":1,"3645":0,"3653":1,"3654":0,"3655":0,"3656":0,"3657":0,"3658":0,"3660":0,"3670":1,"3672":0,"3693":0,"3694":0,"3695":0,"3698":0,"3700":0,"3701":0,"3703":0,"3709":0,"3716":0,"3718":0,"3719":0,"3722":0,"3724":0,"3725":0,"3728":0,"3729":0,"3731":0,"3732":0,"3735":0,"3736":0,"3737":0,"3740":0,"3744":0,"3745":0,"3749":0,"3750":0,"3753":0,"3754":0,"3757":0,"3761":0,"3771":1,"3772":0,"3792":0,"3795":0,"3798":0,"3799":0,"3800":0,"3803":0,"3804":0,"3805":0,"3806":0,"3810":0,"3816":0,"3817":0,"3821":0,"3825":0,"3826":0,"3827":0,"3828":0,"3834":0,"3835":0,"3836":0,"3839":0,"3840":0,"3842":0,"3843":0,"3845":0,"3846":0,"3849":0,"3851":0,"3852":0,"3853":0,"3854":0,"3856":0,"3857":0,"3858":0,"3861":0,"3864":0,"3865":0,"3866":0,"3867":0,"3871":0,"3872":0,"3875":0,"3889":1,"3890":0,"3891":0,"3908":1,"3909":0,"3910":0,"3919":1,"3946":1,"3951":0,"3952":0,"3954":1,"3955":1,"3956":1,"3958":0,"3959":0,"3963":0,"3996":1,"3997":0,"4000":1,"4001":0,"4002":0,"4003":0,"4005":0,"4006":0,"4009":0,"4010":0,"4012":0,"4013":0,"4014":0,"4017":0,"4019":0,"4020":0,"4023":0,"4024":0,"4028":0,"4029":0,"4030":0,"4032":0,"4033":0,"4036":0,"4037":0,"4039":0,"4040":0,"4041":0,"4042":0,"4044":0,"4048":0,"4051":1,"4052":0,"4079":1,"4080":0,"4082":0,"4085":0,"4088":0,"4091":0,"4095":1,"4096":0,"4097":0,"4098":0,"4099":0,"4102":0,"4103":0,"4104":0,"4105":0,"4106":0,"4107":0,"4110":0,"4116":0,"4117":0,"4121":1,"4122":0,"4125":1,"4126":0,"4127":0,"4128":0,"4129":0,"4131":0,"4134":1,"4135":0,"4136":0,"4137":0,"4139":0,"4145":1,"4146":1,"4170":1,"4172":1,"4173":1,"4174":1,"4175":1,"4177":1,"4179":1,"4180":0,"4181":0,"4182":0,"4183":0,"4184":0,"4185":0,"4186":0,"4187":0,"4188":0,"4189":0,"4190":0,"4191":0,"4198":1,"4244":1,"4245":0,"4247":0,"4248":0,"4249":0,"4252":1,"4253":0,"4254":0,"4257":0,"4261":0,"4263":0,"4264":0,"4265":0,"4266":0,"4267":0,"4268":0,"4275":0,"4276":0,"4277":0,"4278":0,"4279":0,"4283":0,"4302":0,"4303":0,"4304":0,"4305":0,"4306":0,"4311":0,"4312":0,"4314":0,"4318":0,"4323":0,"4324":0,"4325":0,"4326":0,"4330":0,"4331":0,"4332":0,"4333":0,"4334":0,"4337":0,"4338":0,"4340":0,"4341":0,"4344":0,"4348":0,"4352":0,"4356":0,"4357":0,"4358":0,"4359":0,"4360":0,"4361":0,"4362":0,"4363":0,"4364":0,"4368":0,"4370":0,"4374":0,"4375":0,"4376":0,"4377":0,"4378":0,"4379":0,"4380":0,"4382":0,"4383":0,"4385":0,"4386":0,"4392":0,"4393":0,"4396":0,"4399":0,"4404":0,"4405":0,"4406":0,"4407":0,"4408":0,"4411":0,"4414":0,"4415":0,"4416":0,"4417":0,"4421":0,"4422":0,"4423":0,"4424":0,"4431":0,"4436":0,"4437":0,"4438":0,"4439":0,"4440":0,"4442":0,"4448":0,"4449":0,"4451":0,"4452":0,"4454":0,"4455":0,"4456":0,"4457":0,"4458":0,"4459":0,"4461":0,"4462":0,"4464":0,"4465":0,"4467":0,"4468":0,"4470":0,"4474":0,"4475":0,"4476":0,"4477":0,"4481":0,"4482":0,"4486":1,"4491":0,"4492":0,"4493":0,"4496":1,"4497":0,"4498":0,"4499":0,"4500":0,"4501":0,"4504":0,"4510":0,"4511":0,"4512":0,"4513":0,"4516":0,"4517":0,"4521":0,"4524":0,"4527":0,"4529":0,"4533":0,"4535":0,"4536":0,"4537":0,"4538":0,"4541":0,"4542":0,"4544":0,"4545":0,"4547":0,"4549":0,"4552":1,"4553":0,"4556":1,"4557":0,"4560":1,"4561":0,"4562":0,"4565":1,"4566":0,"4567":0,"4568":0,"4569":0,"4572":0,"4573":0,"4574":0,"4579":0,"4582":0,"4583":0,"4584":0,"4588":0,"4590":0,"4591":0,"4592":0,"4596":0,"4598":0,"4601":0,"4602":0,"4605":0,"4614":0,"4615":0,"4616":0,"4618":0,"4619":0,"4622":0,"4623":0,"4624":0,"4625":0,"4626":0,"4627":0,"4628":0,"4629":0,"4630":0,"4632":0,"4634":0,"4635":0,"4636":0,"4637":0,"4638":0,"4639":0,"4641":0,"4642":0,"4643":0,"4644":0,"4646":0,"4647":0,"4648":0,"4651":0,"4668":0,"4669":0,"4670":0,"4671":0,"4672":0,"4673":0,"4675":0,"4676":0,"4677":0,"4678":0,"4679":0,"4680":0,"4681":0,"4683":0,"4685":0,"4688":0,"4690":0,"4692":0,"4694":0,"4695":0,"4696":0,"4698":0,"4701":0,"4702":0,"4703":0,"4704":0,"4705":0,"4706":0,"4710":0,"4711":0,"4715":0,"4717":0,"4718":0,"4719":0,"4722":0,"4723":0,"4725":0,"4726":0,"4729":0,"4730":0,"4733":0,"4736":0,"4738":0,"4739":0,"4741":0,"4743":0,"4744":0,"4750":0,"4751":0,"4757":0,"4758":0,"4759":0,"4760":0,"4761":0,"4762":0,"4763":0,"4764":0,"4765":0,"4766":0,"4767":0,"4772":0,"4773":0,"4774":0,"4778":0,"4780":0,"4783":0,"4784":0,"4787":0,"4791":0,"4792":0,"4797":0,"4799":0,"4800":0,"4801":0,"4805":0,"4807":0,"4808":0,"4811":0,"4812":0,"4813":0,"4815":0,"4819":0,"4820":0,"4823":0,"4824":0,"4825":0,"4826":0,"4829":1,"4830":0,"4831":0,"4832":0,"4833":0,"4834":0,"4835":0,"4837":0,"4839":0,"4842":1,"4843":0,"4846":1,"4847":0,"4850":1,"4851":0,"4853":1,"4854":0,"4863":1,"4869":1,"4883":1,"4884":18,"4885":18,"4886":1,"4887":0,"4900":1,"4901":0,"4902":0,"4907":0,"4908":0,"4909":0,"4911":0,"4919":1,"4920":0,"4921":0,"4922":0,"4924":0,"4926":0,"4935":1,"4936":0,"4937":0,"4938":0,"4940":0,"4942":0,"4954":1,"4955":0,"4956":0,"4957":0,"4958":0,"4972":1,"4973":0,"4974":0,"4975":0,"4976":0,"4977":0,"4978":0,"4979":0,"4990":1,"4991":0,"4992":0,"4993":0,"4994":0,"4995":0,"4996":0,"5010":1,"5011":0,"5023":1,"5024":0,"5025":0,"5026":0,"5027":0,"5028":0,"5029":0,"5030":0,"5031":0,"5033":0,"5034":0,"5037":1,"5039":0,"5040":0,"5041":0,"5054":1,"5055":0,"5066":1,"5067":0,"5077":1,"5078":0,"5079":0,"5080":0,"5081":0,"5092":1,"5093":0,"5097":1,"5098":0,"5101":1,"5102":0,"5103":0,"5104":0,"5105":0,"5106":0,"5107":0,"5108":0,"5109":0,"5110":0,"5113":0,"5114":0,"5115":0,"5116":0,"5117":0,"5118":0,"5120":0,"5121":0,"5123":0,"5125":0,"5127":1,"5128":0,"5129":0,"5130":0,"5132":0,"5134":0,"5135":0,"5136":0,"5137":1,"5138":0,"5139":0,"5140":0,"5141":0,"5143":0,"5144":0,"5145":0,"5146":0,"5151":0,"5152":0,"5155":0,"5156":0,"5157":0,"5158":0,"5169":1,"5170":0,"5172":1,"5173":0,"5174":0,"5180":1,"5182":0,"5183":0,"5184":0,"5188":0,"5189":0,"5190":0,"5191":0,"5192":0,"5194":0,"5195":0,"5196":0,"5197":0,"5198":0,"5199":0,"5200":0,"5201":0,"5203":0,"5204":0,"5208":0,"5209":0,"5210":0,"5217":0,"5218":0,"5219":0,"5224":0,"5226":0,"5227":0,"5228":0,"5229":0,"5231":0,"5232":0,"5234":0,"5240":0,"5243":0,"5244":0,"5249":0,"5250":0,"5251":0,"5252":0,"5257":0,"5260":0,"5264":0,"5265":0,"5266":0,"5267":0,"5268":0,"5276":0,"5279":0,"5282":0,"5283":0,"5286":1,"5287":0,"5288":0,"5291":1,"5292":0,"5293":0,"5295":0,"5296":0,"5298":0,"5333":1,"5334":11,"5338":1,"5339":0,"5340":0,"5342":0,"5346":1,"5347":1,"5348":1,"5349":1,"5350":1,"5361":1,"5362":3,"5363":39,"5370":1,"5371":14,"5372":14,"5373":14,"5374":14,"5376":14,"5377":1,"5378":0,"5379":0,"5380":0,"5381":0,"5383":14,"5384":6,"5385":0,"5387":6,"5390":1,"5392":1,"5393":1,"5394":1,"5395":1,"5396":1,"5397":1,"5398":1,"5399":1,"5400":1,"5401":1,"5402":1,"5403":1,"5404":1,"5407":1,"5408":1,"5409":1,"5410":1,"5411":1,"5412":1,"5413":1,"5414":1,"5415":1,"5416":1,"5417":1,"5418":1,"5420":1,"5421":1,"5422":1,"5423":1,"5424":1,"5427":1,"5428":0,"5429":0,"5431":0,"5432":0,"5433":0,"5434":0,"5436":0,"5437":0,"5438":0,"5440":1,"5441":1,"5447":1,"5449":1,"5464":0,"5467":1,"5468":0,"5469":0,"5470":0,"5472":1,"5473":0,"5474":0,"5475":0,"5477":0,"5478":0,"5479":0,"5482":1,"5483":0,"5484":0,"5487":1,"5494":1,"5497":1,"5498":0,"5499":0,"5500":0,"5504":1,"5505":0,"5506":0,"5508":0,"5510":0,"5511":0,"5512":0,"5513":0,"5514":0,"5515":0,"5519":1,"5520":0,"5521":0,"5522":0,"5523":0,"5524":0,"5526":0,"5527":0,"5528":0,"5529":0,"5530":0,"5531":0,"5535":0,"5538":1,"5545":0,"5546":0,"5547":0,"5548":0,"5549":0,"5554":0,"5555":0,"5556":0,"5558":0,"5559":0,"5560":0,"5564":0,"5565":0,"5566":0,"5568":0,"5569":0,"5570":0,"5575":0,"5576":0,"5577":0,"5584":0,"5585":0,"5586":0,"5589":0,"5590":0,"5591":0,"5592":0,"5593":0,"5596":0,"5602":1,"5603":0,"5604":0,"5605":0,"5606":0,"5611":1,"5613":0,"5614":0,"5615":0,"5617":0,"5622":0,"5623":0,"5624":0,"5625":0,"5627":0,"5628":0,"5629":0,"5630":0,"5631":0,"5633":0,"5637":0,"5638":0,"5639":0,"5640":0,"5641":0,"5648":0,"5657":1,"5660":1,"5675":0,"5678":0,"5679":0,"5680":0,"5684":0,"5687":0,"5690":0,"5693":0,"5697":0,"5698":0,"5699":0,"5700":0,"5701":0,"5702":0,"5704":0,"5705":0,"5711":0,"5715":0,"5718":0,"5719":0,"5720":0,"5722":0,"5723":0,"5724":0,"5725":0,"5729":0,"5731":0,"5735":0,"5736":0,"5737":0,"5739":0,"5740":0,"5741":0,"5744":0,"5746":0,"5750":0,"5751":0,"5756":1,"5757":0,"5765":1,"5766":1,"5772":1,"5773":0,"5774":0,"5776":0,"5777":0,"5778":0,"5785":1,"5787":1,"5788":0,"5789":0,"5790":0,"5792":0,"5795":1,"5796":0,"5797":0,"5798":0,"5800":0,"5803":1,"5804":0,"5805":0,"5807":0,"5808":0,"5809":0,"5812":0,"5813":0,"5814":0,"5815":0,"5816":0,"5818":0,"5831":1,"5832":0,"5833":0,"5834":0,"5835":0,"5837":0,"5839":0,"5840":0,"5842":0,"5844":0,"5845":0,"5850":1,"5851":0,"5852":0,"5853":0,"5855":0,"5856":0,"5857":0,"5858":0,"5860":0,"5862":0,"5864":0,"5866":0,"5867":0,"5870":0,"5871":0,"5873":0,"5875":0,"5876":0,"5878":0,"5880":0,"5881":0,"5883":0,"5885":0,"5886":0,"5888":0,"5890":1,"5891":0,"5892":0,"5893":0,"5894":0,"5895":0,"5897":0,"5898":0,"5899":0,"5900":0,"5901":0,"5902":0,"5904":0,"5906":0,"5907":0,"5908":0,"5911":1,"5920":0,"5921":0,"5922":0,"5923":0,"5924":0,"5925":0,"5927":0,"5929":0,"5930":0,"5933":0,"5936":0,"5937":0,"5939":0,"5943":0,"5947":0,"5948":0,"5949":0,"5950":0,"5951":0,"5952":0,"5956":0,"5961":0,"5962":0,"5963":0,"5964":0,"5965":0,"5966":0,"5967":0,"5968":0,"5971":0,"5972":0,"5973":0,"5974":0,"5977":0,"5978":0,"5979":0,"5980":0,"5983":0,"5984":0,"5985":0,"5986":0,"5989":0,"5990":0,"5991":0,"5992":0,"5995":0,"5996":0,"5997":0,"5998":0,"5999":0,"6002":0,"6003":0,"6004":0,"6005":0,"6006":0,"6007":0,"6008":0,"6011":0,"6012":0,"6013":0,"6014":0,"6018":0,"6019":0,"6020":0,"6021":0,"6022":0,"6023":0,"6024":0,"6025":0,"6026":0,"6027":0,"6028":0,"6031":0,"6033":0,"6034":0,"6038":0,"6039":0,"6040":0,"6041":0,"6042":0,"6043":0,"6044":0,"6045":0,"6046":0,"6047":0,"6050":0,"6052":0,"6055":1,"6058":1,"6059":0,"6061":1,"6064":0,"6067":0,"6068":0,"6071":0,"6074":0,"6075":0,"6076":0,"6079":0,"6080":0,"6085":0,"6086":0,"6088":0,"6092":0,"6095":0,"6098":0,"6102":0,"6103":0,"6107":0,"6110":0,"6111":0,"6114":0,"6115":0,"6116":0,"6119":0,"6123":0,"6124":0,"6125":0,"6126":0,"6127":0,"6130":0,"6134":0,"6135":0,"6136":0,"6137":0,"6138":0,"6141":0,"6145":1,"6146":1,"6149":1,"6150":1,"6152":1,"6153":1,"6156":1,"6158":1,"6161":0,"6164":0,"6165":0,"6166":0,"6169":0,"6174":0,"6176":0,"6179":0,"6182":0,"6183":0,"6184":0,"6185":0,"6186":0,"6189":1,"6190":1,"6192":1,"6196":0,"6197":0,"6198":0,"6199":0,"6200":0,"6201":0,"6202":0,"6203":0,"6205":0,"6208":1,"6209":1,"6211":1,"6215":1,"6217":1,"6219":1,"6223":1,"6226":1,"6228":1,"6229":1,"6231":1,"6233":1,"6234":1,"6236":1,"6238":1,"6239":1,"6241":1,"6243":1,"6244":1,"6246":1,"6248":1,"6249":1,"6250":1,"6253":1,"6255":1,"6256":1,"6257":1,"6258":1,"6259":0,"6260":0,"6261":0,"6263":1,"6264":0,"6266":1,"6267":0,"6269":0,"6270":0,"6271":0,"6272":0,"6273":0,"6274":0,"6275":0,"6276":0,"6278":0,"6279":0,"6281":0,"6282":0,"6283":0,"6286":0,"6287":0,"6288":0,"6291":0,"6293":0,"6295":0,"6298":0,"6299":0,"6300":0,"6301":0,"6303":0,"6305":0,"6307":0,"6309":0,"6311":0,"6313":0,"6314":0,"6315":0,"6316":0,"6317":0,"6318":0,"6319":0,"6321":0,"6322":0,"6323":0,"6325":0,"6326":0,"6327":0,"6329":0,"6331":0,"6333":0,"6335":0,"6339":0,"6342":1,"6343":0,"6344":0,"6346":0,"6347":0,"6354":0,"6356":0,"6357":0,"6373":0,"6374":0,"6376":0,"6377":0,"6378":0,"6379":0,"6380":0,"6381":0,"6382":0,"6385":0,"6390":1,"6391":0,"6392":0,"6393":0,"6394":0,"6395":0,"6396":0,"6400":0,"6401":0,"6403":0,"6404":0,"6406":0,"6407":0,"6408":0,"6409":0,"6410":0,"6411":0,"6413":0,"6415":0,"6417":0,"6418":0,"6419":0,"6420":0,"6421":0,"6424":0,"6427":1,"6428":0,"6431":1,"6432":1,"6433":1,"6435":0,"6436":0,"6439":1,"6441":0,"6444":0,"6447":0,"6448":0,"6450":0,"6451":0,"6453":0,"6456":0,"6457":0,"6458":0,"6463":1,"6464":0,"6467":0,"6468":0,"6469":0,"6470":0,"6471":0,"6473":0,"6475":0,"6477":0,"6480":1,"6482":0,"6488":1,"6489":1,"6490":1,"6497":1,"6498":1,"6499":1,"6505":1,"6506":1,"6507":1,"6508":1,"6509":1,"6510":1,"6511":1,"6512":1,"6514":1,"6518":1,"6520":0,"6521":0,"6522":0,"6523":0,"6525":0,"6528":1,"6529":1,"6532":0,"6533":0,"6534":0,"6537":0,"6539":0,"6542":1,"6543":0,"6544":0,"6545":0,"6546":0,"6547":0,"6549":0,"6550":0,"6553":1,"6554":0,"6555":0,"6556":0,"6557":0,"6559":1,"6560":0,"6561":0,"6562":0,"6563":0,"6566":0,"6568":0,"6569":0,"6570":0,"6571":0,"6573":0,"6574":0,"6575":0,"6576":0,"6577":0,"6578":0,"6579":0,"6580":0,"6581":0,"6582":0,"6583":0,"6585":0,"6587":0,"6588":0,"6590":0,"6592":0,"6593":0,"6594":0,"6595":0,"6597":0,"6598":0,"6600":0,"6601":0,"6602":0,"6603":0,"6606":0,"6607":0,"6610":0,"6611":0,"6612":0,"6614":0,"6615":0,"6616":0,"6618":0,"6619":0,"6621":0,"6624":0,"6625":0,"6627":0,"6628":0,"6629":0,"6630":0,"6631":0,"6632":0,"6634":0,"6636":0,"6637":0,"6638":0,"6639":0,"6642":0,"6645":0,"6646":0,"6648":0,"6651":0,"6652":0,"6656":0,"6658":0,"6660":0,"6664":1,"6665":0,"6666":0,"6667":0,"6675":1,"6676":0,"6677":0,"6678":0,"6679":0,"6680":0,"6681":0,"6682":0,"6684":0,"6685":0,"6686":0,"6687":0,"6688":0,"6691":0,"6693":0,"6696":0,"6697":0,"6698":0,"6699":0,"6700":0,"6701":0,"6702":0,"6705":0,"6707":0,"6708":0,"6710":0,"6712":0,"6713":0,"6714":0,"6717":0,"6719":0,"6721":0,"6723":0,"6727":0,"6728":0,"6732":0,"6735":0,"6737":0,"6740":0,"6742":0,"6744":0,"6748":0,"6751":0,"6752":0,"6753":0,"6754":0,"6757":0,"6758":0,"6760":0,"6761":0,"6762":0,"6764":0,"6765":0,"6767":0,"6769":0,"6772":0,"6775":0,"6777":0,"6778":0,"6780":0,"6781":0,"6782":0,"6784":0,"6785":0,"6786":0,"6788":0,"6789":0,"6790":0,"6792":0,"6793":0,"6804":0,"6809":0,"6810":0,"6811":0,"6812":0,"6813":0,"6815":0,"6817":0,"6818":0,"6819":0,"6821":0,"6822":0,"6823":0,"6825":0,"6829":0,"6835":1,"6836":0,"6837":0,"6838":0,"6839":0,"6840":0,"6841":0,"6842":0,"6843":0,"6844":0,"6845":0,"6846":0,"6847":0,"6848":0,"6850":0,"6851":0,"6852":0,"6855":0,"6857":0,"6858":0,"6859":0,"6861":0,"6864":0,"6865":0,"6866":0,"6869":0,"6870":0,"6871":0,"6872":0,"6873":0,"6874":0,"6875":0,"6876":0,"6877":0,"6883":0,"6884":0,"6885":0,"6886":0,"6888":0,"6889":0,"6892":0,"6893":0,"6896":0,"6897":0,"6898":0,"6899":0,"6900":0,"6904":0,"6905":0,"6906":0,"6909":1,"6910":0,"6911":0,"6912":0,"6913":0,"6914":0,"6917":0,"6919":0,"6922":0,"6923":0,"6924":0,"6929":0,"6931":1,"6933":0,"6934":0,"6936":0,"6938":0,"6941":1,"6942":0,"6944":1,"6945":0,"6946":0,"6948":0,"6949":0,"6951":0,"6952":0,"6953":0,"6955":0,"6956":0,"6960":0,"6963":0,"6964":0,"6965":0,"6966":0,"6967":0,"6968":0,"6972":0,"6973":0,"6974":0,"6975":0,"6976":0,"6977":0,"6978":0,"6979":0,"6981":0,"6983":0,"6986":0,"6991":1,"6992":0,"6993":0,"6994":0,"6995":0,"6996":0,"6997":0,"6998":0,"7000":0,"7003":0,"7009":1,"7012":1,"7014":0,"7015":0,"7017":0,"7020":0,"7021":0,"7023":0,"7026":0,"7027":0,"7028":0,"7029":0,"7030":0,"7046":1,"7047":1,"7048":1,"7050":1,"7051":0,"7052":1,"7053":0,"7054":0,"7055":0,"7056":0,"7058":0,"7062":1,"7063":0,"7064":0,"7065":0,"7066":0,"7067":0,"7068":0,"7069":0,"7070":0,"7074":1,"7075":1,"7080":1}}}